\BOOKMARK [0][-]{chapter.1}{Introduction}{}
\BOOKMARK [1][-]{section.1.1}{Description}{chapter.1}
\BOOKMARK [1][-]{section.1.2}{Motivation}{chapter.1}
\BOOKMARK [1][-]{section.1.3}{Simulation}{chapter.1}
\BOOKMARK [1][-]{section.1.4}{Question}{chapter.1}
\BOOKMARK [0][-]{chapter.2}{Methodology}{}
\BOOKMARK [1][-]{section.2.1}{Intro}{chapter.2}
\BOOKMARK [1][-]{section.2.2}{Why model}{chapter.2}
\BOOKMARK [1][-]{section.2.3}{Modelling in social sciences}{chapter.2}
\BOOKMARK [2][-]{subsection.2.3.1}{ABMs in Social Modelling}{section.2.3}
\BOOKMARK [3][-]{section*.19}{Epistemology of ABMs in Social Modelling}{subsection.2.3.1}
\BOOKMARK [2][-]{subsection.2.3.2}{Summary checklist}{section.2.3}
\BOOKMARK [1][-]{section.2.4}{Conceptual Framework}{chapter.2}
\BOOKMARK [2][-]{subsection.2.4.1}{Multi Agent Systems}{section.2.4}
\BOOKMARK [3][-]{section*.22}{Agents}{subsection.2.4.1}
\BOOKMARK [4][-]{section*.23}{Agent brief formal description}{section*.22}
\BOOKMARK [4][-]{section*.24}{Agent Main Behaviours}{section*.22}
\BOOKMARK [4][-]{section*.25}{Intelligent Agents Architecture}{section*.22}
\BOOKMARK [4][-]{section*.26}{Environment Features}{section*.22}
\BOOKMARK [2][-]{subsection.2.4.2}{Complex Systems}{section.2.4}
\BOOKMARK [2][-]{subsection.2.4.3}{Emergence}{section.2.4}
\BOOKMARK [2][-]{subsection.2.4.4}{Evolution}{section.2.4}
\BOOKMARK [3][-]{section*.31}{Coevolution}{subsection.2.4.4}
\BOOKMARK [0][-]{chapter.3}{Platforms / Software packages}{}
\BOOKMARK [1][-]{section*.34}{NetLogo...}{chapter.3}
\BOOKMARK [2][-]{section*.35}{Pandora/Cassandra}{section*.34}
\BOOKMARK [0][-]{chapter.4}{SugarScape vs Advanced Sugarscape}{}
\BOOKMARK [1][-]{subsection.4.0.5}{Planners, ...}{chapter.4}
\BOOKMARK [1][-]{section.4.1}{What is SugarScape?}{chapter.4}
\BOOKMARK [1][-]{section.4.2}{Added advanced features}{chapter.4}
\BOOKMARK [2][-]{section*.36}{Same deduced trends and emerging dynamics}{section.4.2}
\BOOKMARK [3][-]{section*.37}{Realistic Adaptability to Parameter Perturbations}{section*.36}
\BOOKMARK [1][-]{section.4.3}{Solving critics against classic SugarScape}{chapter.4}
\BOOKMARK [1][-]{section.4.4}{Experiments}{chapter.4}
\BOOKMARK [2][-]{subsection.4.4.1}{Initial Conditions}{section.4.4}
\BOOKMARK [3][-]{section*.38}{Montecarlo?}{subsection.4.4.1}
\BOOKMARK [4][-]{section*.39}{Emergence of stationary state; initial state := stationary state}{section*.38}
\BOOKMARK [2][-]{subsection.4.4.2}{Experiment features}{section.4.4}
\BOOKMARK [3][-]{section*.40}{Description}{subsection.4.4.2}
\BOOKMARK [4][-]{section*.41}{Hypothesis}{section*.40}
\BOOKMARK [4][-]{section*.42}{Assumptions}{section*.40}
\BOOKMARK [4][-]{section*.43}{Config}{section*.40}
\BOOKMARK [4][-]{section*.44}{Results}{section*.40}
\BOOKMARK [4][-]{section*.45}{Validation}{section*.40}
\BOOKMARK [0][-]{chapter.5}{Gujarat Case Modelization}{}
\BOOKMARK [1][-]{section.5.1}{Introduction}{chapter.5}
\BOOKMARK [2][-]{subsection.5.1.1}{Hypotheses}{section.5.1}
\BOOKMARK [2][-]{subsection.5.1.2}{Aims and objectives}{section.5.1}
\BOOKMARK [2][-]{subsection.5.1.3}{Knowledge Elicitation \046 Brainstorming}{section.5.1}
\BOOKMARK [3][-]{section*.46}{Interviews}{subsection.5.1.3}
\BOOKMARK [3][-]{section*.47}{ECOTONO \(journal club\)}{subsection.5.1.3}
\BOOKMARK [3][-]{section*.48}{ODD}{subsection.5.1.3}
\BOOKMARK [1][-]{section.5.2}{Physical World / Environment}{chapter.5}
\BOOKMARK [2][-]{subsection.5.2.1}{Statistical Modelling}{section.5.2}
\BOOKMARK [3][-]{section*.49}{Data Sources}{subsection.5.2.1}
\BOOKMARK [3][-]{section*.50}{Resource Pipeline}{subsection.5.2.1}
\BOOKMARK [1][-]{section.5.3}{Antrophological Model}{chapter.5}
\BOOKMARK [2][-]{subsection.5.3.1}{The Model}{section.5.3}
\BOOKMARK [3][-]{section*.51}{Knowledge Represent}{subsection.5.3.1}
\BOOKMARK [3][-]{section*.52}{Decission Process}{subsection.5.3.1}
\BOOKMARK [4][-]{section*.53}{Hypothesis:richer agents}{section*.52}
\BOOKMARK [4][-]{section*.54}{UPF hand to hand work:UCT algorithm}{section*.52}
\BOOKMARK [4][-]{section*.55}{Methods}{section*.52}
\BOOKMARK [4][-]{section*.56}{\303\221\302\277state of the art?}{section*.52}
\BOOKMARK [3][-]{section*.57}{Social Network}{subsection.5.3.1}
\BOOKMARK [4][-]{section*.58}{\303\221\302\277state of the art?}{section*.57}
\BOOKMARK [3][-]{section*.59}{Design}{subsection.5.3.1}
\BOOKMARK [4][-]{section*.60}{Organisational level design}{section*.59}
\BOOKMARK [4][-]{section*.61}{Social structure}{section*.59}
\BOOKMARK [4][-]{section*.62}{Interaction structure}{section*.59}
\BOOKMARK [4][-]{section*.63}{Communicative structure}{section*.59}
\BOOKMARK [4][-]{section*.64}{Normative structure}{section*.59}
\BOOKMARK [3][-]{section*.65}{Coordination level design}{subsection.5.3.1}
\BOOKMARK [4][-]{section*.66}{Action model}{section*.65}
\BOOKMARK [4][-]{section*.67}{Task model}{section*.65}
\BOOKMARK [4][-]{section*.68}{Agent model}{section*.65}
\BOOKMARK [4][-]{section*.69}{Plan model}{section*.65}
\BOOKMARK [1][-]{section.5.4}{Experiments}{chapter.5}
\BOOKMARK [2][-]{subsection.5.4.1}{Initial Conditions}{section.5.4}
\BOOKMARK [3][-]{section*.70}{Montecarlo?}{subsection.5.4.1}
\BOOKMARK [4][-]{section*.71}{Emergence of stationary state; initial state := stationary state}{section*.70}
\BOOKMARK [2][-]{subsection.5.4.2}{Experiment features}{section.5.4}
\BOOKMARK [3][-]{section*.72}{Description}{subsection.5.4.2}
\BOOKMARK [4][-]{section*.73}{Hypothesis}{section*.72}
\BOOKMARK [4][-]{section*.74}{Assumptions}{section*.72}
\BOOKMARK [4][-]{section*.75}{Config}{section*.72}
\BOOKMARK [4][-]{section*.76}{Results}{section*.72}
\BOOKMARK [4][-]{section*.77}{Validation}{section*.72}
\BOOKMARK [0][-]{chapter.6}{Conclusion}{}
\BOOKMARK [1][-]{section.6.1}{Achieved Objectives}{chapter.6}
\BOOKMARK [1][-]{section.6.2}{Achieved Objectives}{chapter.6}
\BOOKMARK [1][-]{section.6.3}{Comparison AI - Simple}{chapter.6}
\BOOKMARK [1][-]{section.6.4}{Difficulties \046 Issues}{chapter.6}
\BOOKMARK [1][-]{section.6.5}{Publications/CAA}{chapter.6}
\BOOKMARK [1][-]{section.6.6}{Future Issues}{chapter.6}
\BOOKMARK [0][-]{chapter.7}{Bibliography}{}
