This is pdfTeX, Version 3.1415926-1.40.10 (TeX Live 2009/Debian) (format=pdflatex 2012.11.7)  10 SEP 2013 09:03
entering extended mode
 %&-line parsing enabled.
**MTdoc.tex
(./MTdoc.tex
LaTeX2e <2009/09/24>
Babel <v3.8l> and hyphenation patterns for english, usenglishmax, dumylang, noh
yphenation, farsi, arabic, croatian, bulgarian, ukrainian, russian, czech, slov
ak, danish, dutch, finnish, french, basque, ngerman, german, german-x-2009-06-1
9, ngerman-x-2009-06-19, ibycus, monogreek, greek, ancientgreek, hungarian, san
skrit, italian, latin, latvian, lithuanian, mongolian2a, mongolian, bokmal, nyn
orsk, romanian, irish, coptic, serbian, turkish, welsh, esperanto, uppersorbian
, estonian, indonesian, interlingua, icelandic, kurmanji, slovenian, polish, po
rtuguese, spanish, galician, catalan, swedish, ukenglish, pinyin, loaded.
(/usr/share/texmf-texlive/tex/latex/base/report.cls
Document Class: report 2007/10/19 v1.4h Standard LaTeX document class
(/usr/share/texmf-texlive/tex/latex/base/size11.clo
File: size11.clo 2007/10/19 v1.4h Standard LaTeX file (size option)
)
\c@part=\count79
\c@chapter=\count80
\c@section=\count81
\c@subsection=\count82
\c@subsubsection=\count83
\c@paragraph=\count84
\c@subparagraph=\count85
\c@figure=\count86
\c@table=\count87
\abovecaptionskip=\skip41
\belowcaptionskip=\skip42
\bibindent=\dimen102
)
(/usr/share/texmf-texlive/tex/latex/psnfss/mathptmx.sty
Package: mathptmx 2005/04/12 PSNFSS-v9.2a Times w/ Math, improved (SPQR, WaS) 
LaTeX Font Info:    Redeclaring symbol font `operators' on input line 28.
LaTeX Font Info:    Overwriting symbol font `operators' in version `normal'
(Font)                  OT1/cmr/m/n --> OT1/ztmcm/m/n on input line 28.
LaTeX Font Info:    Overwriting symbol font `operators' in version `bold'
(Font)                  OT1/cmr/bx/n --> OT1/ztmcm/m/n on input line 28.
LaTeX Font Info:    Redeclaring symbol font `letters' on input line 29.
LaTeX Font Info:    Overwriting symbol font `letters' in version `normal'
(Font)                  OML/cmm/m/it --> OML/ztmcm/m/it on input line 29.
LaTeX Font Info:    Overwriting symbol font `letters' in version `bold'
(Font)                  OML/cmm/b/it --> OML/ztmcm/m/it on input line 29.
LaTeX Font Info:    Redeclaring symbol font `symbols' on input line 30.
LaTeX Font Info:    Overwriting symbol font `symbols' in version `normal'
(Font)                  OMS/cmsy/m/n --> OMS/ztmcm/m/n on input line 30.
LaTeX Font Info:    Overwriting symbol font `symbols' in version `bold'
(Font)                  OMS/cmsy/b/n --> OMS/ztmcm/m/n on input line 30.
LaTeX Font Info:    Redeclaring symbol font `largesymbols' on input line 31.
LaTeX Font Info:    Overwriting symbol font `largesymbols' in version `normal'
(Font)                  OMX/cmex/m/n --> OMX/ztmcm/m/n on input line 31.
LaTeX Font Info:    Overwriting symbol font `largesymbols' in version `bold'
(Font)                  OMX/cmex/m/n --> OMX/ztmcm/m/n on input line 31.
\symbold=\mathgroup4
\symitalic=\mathgroup5
LaTeX Font Info:    Redeclaring math alphabet \mathbf on input line 34.
LaTeX Font Info:    Overwriting math alphabet `\mathbf' in version `normal'
(Font)                  OT1/cmr/bx/n --> OT1/ptm/bx/n on input line 34.
LaTeX Font Info:    Overwriting math alphabet `\mathbf' in version `bold'
(Font)                  OT1/cmr/bx/n --> OT1/ptm/bx/n on input line 34.
LaTeX Font Info:    Redeclaring math alphabet \mathit on input line 35.
LaTeX Font Info:    Overwriting math alphabet `\mathit' in version `normal'
(Font)                  OT1/cmr/m/it --> OT1/ptm/m/it on input line 35.
LaTeX Font Info:    Overwriting math alphabet `\mathit' in version `bold'
(Font)                  OT1/cmr/bx/it --> OT1/ptm/m/it on input line 35.
LaTeX Info: Redefining \hbar on input line 50.
)
(/usr/share/texmf-texlive/tex/latex/psnfss/helvet.sty
Package: helvet 2005/04/12 PSNFSS-v9.2a (WaS) 

(/usr/share/texmf-texlive/tex/latex/graphics/keyval.sty
Package: keyval 1999/03/16 v1.13 key=value parser (DPC)
\KV@toks@=\toks14
))
(/usr/share/texmf-texlive/tex/latex/psnfss/courier.sty
Package: courier 2005/04/12 PSNFSS-v9.2a (WaS) 
) (./type1cm.sty
Package: type1cm 1997/02/17 v0.03 BlueSky/Y&Y Type1 CM font definitions (DPC)
)
(/usr/share/texmf-texlive/tex/latex/base/inputenc.sty
Package: inputenc 2008/03/30 v1.1d Input encoding file
\inpenc@prehook=\toks15
\inpenc@posthook=\toks16

(/usr/share/texmf-texlive/tex/latex/base/utf8.def
File: utf8.def 2008/04/05 v1.1m UTF-8 support for inputenc
Now handling font encoding OML ...
... no UTF-8 mapping file for font encoding OML
Now handling font encoding T1 ...
... processing UTF-8 mapping file for font encoding T1

(/usr/share/texmf-texlive/tex/latex/base/t1enc.dfu
File: t1enc.dfu 2008/04/05 v1.1m UTF-8 support for inputenc
   defining Unicode char U+00A1 (decimal 161)
   defining Unicode char U+00A3 (decimal 163)
   defining Unicode char U+00AB (decimal 171)
   defining Unicode char U+00BB (decimal 187)
   defining Unicode char U+00BF (decimal 191)
   defining Unicode char U+00C0 (decimal 192)
   defining Unicode char U+00C1 (decimal 193)
   defining Unicode char U+00C2 (decimal 194)
   defining Unicode char U+00C3 (decimal 195)
   defining Unicode char U+00C4 (decimal 196)
   defining Unicode char U+00C5 (decimal 197)
   defining Unicode char U+00C6 (decimal 198)
   defining Unicode char U+00C7 (decimal 199)
   defining Unicode char U+00C8 (decimal 200)
   defining Unicode char U+00C9 (decimal 201)
   defining Unicode char U+00CA (decimal 202)
   defining Unicode char U+00CB (decimal 203)
   defining Unicode char U+00CC (decimal 204)
   defining Unicode char U+00CD (decimal 205)
   defining Unicode char U+00CE (decimal 206)
   defining Unicode char U+00CF (decimal 207)
   defining Unicode char U+00D0 (decimal 208)
   defining Unicode char U+00D1 (decimal 209)
   defining Unicode char U+00D2 (decimal 210)
   defining Unicode char U+00D3 (decimal 211)
   defining Unicode char U+00D4 (decimal 212)
   defining Unicode char U+00D5 (decimal 213)
   defining Unicode char U+00D6 (decimal 214)
   defining Unicode char U+00D8 (decimal 216)
   defining Unicode char U+00D9 (decimal 217)
   defining Unicode char U+00DA (decimal 218)
   defining Unicode char U+00DB (decimal 219)
   defining Unicode char U+00DC (decimal 220)
   defining Unicode char U+00DD (decimal 221)
   defining Unicode char U+00DE (decimal 222)
   defining Unicode char U+00DF (decimal 223)
   defining Unicode char U+00E0 (decimal 224)
   defining Unicode char U+00E1 (decimal 225)
   defining Unicode char U+00E2 (decimal 226)
   defining Unicode char U+00E3 (decimal 227)
   defining Unicode char U+00E4 (decimal 228)
   defining Unicode char U+00E5 (decimal 229)
   defining Unicode char U+00E6 (decimal 230)
   defining Unicode char U+00E7 (decimal 231)
   defining Unicode char U+00E8 (decimal 232)
   defining Unicode char U+00E9 (decimal 233)
   defining Unicode char U+00EA (decimal 234)
   defining Unicode char U+00EB (decimal 235)
   defining Unicode char U+00EC (decimal 236)
   defining Unicode char U+00ED (decimal 237)
   defining Unicode char U+00EE (decimal 238)
   defining Unicode char U+00EF (decimal 239)
   defining Unicode char U+00F0 (decimal 240)
   defining Unicode char U+00F1 (decimal 241)
   defining Unicode char U+00F2 (decimal 242)
   defining Unicode char U+00F3 (decimal 243)
   defining Unicode char U+00F4 (decimal 244)
   defining Unicode char U+00F5 (decimal 245)
   defining Unicode char U+00F6 (decimal 246)
   defining Unicode char U+00F8 (decimal 248)
   defining Unicode char U+00F9 (decimal 249)
   defining Unicode char U+00FA (decimal 250)
   defining Unicode char U+00FB (decimal 251)
   defining Unicode char U+00FC (decimal 252)
   defining Unicode char U+00FD (decimal 253)
   defining Unicode char U+00FE (decimal 254)
   defining Unicode char U+00FF (decimal 255)
   defining Unicode char U+0102 (decimal 258)
   defining Unicode char U+0103 (decimal 259)
   defining Unicode char U+0104 (decimal 260)
   defining Unicode char U+0105 (decimal 261)
   defining Unicode char U+0106 (decimal 262)
   defining Unicode char U+0107 (decimal 263)
   defining Unicode char U+010C (decimal 268)
   defining Unicode char U+010D (decimal 269)
   defining Unicode char U+010E (decimal 270)
   defining Unicode char U+010F (decimal 271)
   defining Unicode char U+0110 (decimal 272)
   defining Unicode char U+0111 (decimal 273)
   defining Unicode char U+0118 (decimal 280)
   defining Unicode char U+0119 (decimal 281)
   defining Unicode char U+011A (decimal 282)
   defining Unicode char U+011B (decimal 283)
   defining Unicode char U+011E (decimal 286)
   defining Unicode char U+011F (decimal 287)
   defining Unicode char U+0130 (decimal 304)
   defining Unicode char U+0131 (decimal 305)
   defining Unicode char U+0132 (decimal 306)
   defining Unicode char U+0133 (decimal 307)
   defining Unicode char U+0139 (decimal 313)
   defining Unicode char U+013A (decimal 314)
   defining Unicode char U+013D (decimal 317)
   defining Unicode char U+013E (decimal 318)
   defining Unicode char U+0141 (decimal 321)
   defining Unicode char U+0142 (decimal 322)
   defining Unicode char U+0143 (decimal 323)
   defining Unicode char U+0144 (decimal 324)
   defining Unicode char U+0147 (decimal 327)
   defining Unicode char U+0148 (decimal 328)
   defining Unicode char U+014A (decimal 330)
   defining Unicode char U+014B (decimal 331)
   defining Unicode char U+0150 (decimal 336)
   defining Unicode char U+0151 (decimal 337)
   defining Unicode char U+0152 (decimal 338)
   defining Unicode char U+0153 (decimal 339)
   defining Unicode char U+0154 (decimal 340)
   defining Unicode char U+0155 (decimal 341)
   defining Unicode char U+0158 (decimal 344)
   defining Unicode char U+0159 (decimal 345)
   defining Unicode char U+015A (decimal 346)
   defining Unicode char U+015B (decimal 347)
   defining Unicode char U+015E (decimal 350)
   defining Unicode char U+015F (decimal 351)
   defining Unicode char U+0160 (decimal 352)
   defining Unicode char U+0161 (decimal 353)
   defining Unicode char U+0162 (decimal 354)
   defining Unicode char U+0163 (decimal 355)
   defining Unicode char U+0164 (decimal 356)
   defining Unicode char U+0165 (decimal 357)
   defining Unicode char U+016E (decimal 366)
   defining Unicode char U+016F (decimal 367)
   defining Unicode char U+0170 (decimal 368)
   defining Unicode char U+0171 (decimal 369)
   defining Unicode char U+0178 (decimal 376)
   defining Unicode char U+0179 (decimal 377)
   defining Unicode char U+017A (decimal 378)
   defining Unicode char U+017B (decimal 379)
   defining Unicode char U+017C (decimal 380)
   defining Unicode char U+017D (decimal 381)
   defining Unicode char U+017E (decimal 382)
   defining Unicode char U+200C (decimal 8204)
   defining Unicode char U+2013 (decimal 8211)
   defining Unicode char U+2014 (decimal 8212)
   defining Unicode char U+2018 (decimal 8216)
   defining Unicode char U+2019 (decimal 8217)
   defining Unicode char U+201A (decimal 8218)
   defining Unicode char U+201C (decimal 8220)
   defining Unicode char U+201D (decimal 8221)
   defining Unicode char U+201E (decimal 8222)
   defining Unicode char U+2030 (decimal 8240)
   defining Unicode char U+2031 (decimal 8241)
   defining Unicode char U+2039 (decimal 8249)
   defining Unicode char U+203A (decimal 8250)
   defining Unicode char U+2423 (decimal 9251)
)
Now handling font encoding OT1 ...
... processing UTF-8 mapping file for font encoding OT1

(/usr/share/texmf-texlive/tex/latex/base/ot1enc.dfu
File: ot1enc.dfu 2008/04/05 v1.1m UTF-8 support for inputenc
   defining Unicode char U+00A1 (decimal 161)
   defining Unicode char U+00A3 (decimal 163)
   defining Unicode char U+00B8 (decimal 184)
   defining Unicode char U+00BF (decimal 191)
   defining Unicode char U+00C5 (decimal 197)
   defining Unicode char U+00C6 (decimal 198)
   defining Unicode char U+00D8 (decimal 216)
   defining Unicode char U+00DF (decimal 223)
   defining Unicode char U+00E6 (decimal 230)
   defining Unicode char U+00EC (decimal 236)
   defining Unicode char U+00ED (decimal 237)
   defining Unicode char U+00EE (decimal 238)
   defining Unicode char U+00EF (decimal 239)
   defining Unicode char U+00F8 (decimal 248)
   defining Unicode char U+0131 (decimal 305)
   defining Unicode char U+0141 (decimal 321)
   defining Unicode char U+0142 (decimal 322)
   defining Unicode char U+0152 (decimal 338)
   defining Unicode char U+0153 (decimal 339)
   defining Unicode char U+2013 (decimal 8211)
   defining Unicode char U+2014 (decimal 8212)
   defining Unicode char U+2018 (decimal 8216)
   defining Unicode char U+2019 (decimal 8217)
   defining Unicode char U+201C (decimal 8220)
   defining Unicode char U+201D (decimal 8221)
)
Now handling font encoding OMS ...
... processing UTF-8 mapping file for font encoding OMS

(/usr/share/texmf-texlive/tex/latex/base/omsenc.dfu
File: omsenc.dfu 2008/04/05 v1.1m UTF-8 support for inputenc
   defining Unicode char U+00A7 (decimal 167)
   defining Unicode char U+00B6 (decimal 182)
   defining Unicode char U+00B7 (decimal 183)
   defining Unicode char U+2020 (decimal 8224)
   defining Unicode char U+2021 (decimal 8225)
   defining Unicode char U+2022 (decimal 8226)
)
Now handling font encoding OMX ...
... no UTF-8 mapping file for font encoding OMX
Now handling font encoding U ...
... no UTF-8 mapping file for font encoding U
   defining Unicode char U+00A9 (decimal 169)
   defining Unicode char U+00AA (decimal 170)
   defining Unicode char U+00AE (decimal 174)
   defining Unicode char U+00BA (decimal 186)
   defining Unicode char U+02C6 (decimal 710)
   defining Unicode char U+02DC (decimal 732)
   defining Unicode char U+200C (decimal 8204)
   defining Unicode char U+2026 (decimal 8230)
   defining Unicode char U+2122 (decimal 8482)
   defining Unicode char U+2423 (decimal 9251)
))
(/usr/share/texmf-texlive/tex/latex/base/textcomp.sty
Package: textcomp 2005/09/27 v1.99g Standard LaTeX package
Package textcomp Info: Sub-encoding information:
(textcomp)               5 = only ISO-Adobe without \textcurrency
(textcomp)               4 = 5 + \texteuro
(textcomp)               3 = 4 + \textohm
(textcomp)               2 = 3 + \textestimated + \textcurrency
(textcomp)               1 = TS1 - \textcircled - \t
(textcomp)               0 = TS1 (full)
(textcomp)             Font families with sub-encoding setting implement
(textcomp)             only a restricted character set as indicated.
(textcomp)             Family '?' is the default used for unknown fonts.
(textcomp)             See the documentation for details.
Package textcomp Info: Setting ? sub-encoding to TS1/1 on input line 71.

(/usr/share/texmf-texlive/tex/latex/base/ts1enc.def
File: ts1enc.def 2001/06/05 v3.0e (jk/car/fm) Standard LaTeX file
Now handling font encoding TS1 ...
... processing UTF-8 mapping file for font encoding TS1

(/usr/share/texmf-texlive/tex/latex/base/ts1enc.dfu
File: ts1enc.dfu 2008/04/05 v1.1m UTF-8 support for inputenc
   defining Unicode char U+00A2 (decimal 162)
   defining Unicode char U+00A3 (decimal 163)
   defining Unicode char U+00A4 (decimal 164)
   defining Unicode char U+00A5 (decimal 165)
   defining Unicode char U+00A6 (decimal 166)
   defining Unicode char U+00A7 (decimal 167)
   defining Unicode char U+00A8 (decimal 168)
   defining Unicode char U+00A9 (decimal 169)
   defining Unicode char U+00AA (decimal 170)
   defining Unicode char U+00AC (decimal 172)
   defining Unicode char U+00AE (decimal 174)
   defining Unicode char U+00AF (decimal 175)
   defining Unicode char U+00B0 (decimal 176)
   defining Unicode char U+00B1 (decimal 177)
   defining Unicode char U+00B2 (decimal 178)
   defining Unicode char U+00B3 (decimal 179)
   defining Unicode char U+00B4 (decimal 180)
   defining Unicode char U+00B5 (decimal 181)
   defining Unicode char U+00B6 (decimal 182)
   defining Unicode char U+00B7 (decimal 183)
   defining Unicode char U+00B9 (decimal 185)
   defining Unicode char U+00BA (decimal 186)
   defining Unicode char U+00BC (decimal 188)
   defining Unicode char U+00BD (decimal 189)
   defining Unicode char U+00BE (decimal 190)
   defining Unicode char U+00D7 (decimal 215)
   defining Unicode char U+00F7 (decimal 247)
   defining Unicode char U+0192 (decimal 402)
   defining Unicode char U+02C7 (decimal 711)
   defining Unicode char U+02D8 (decimal 728)
   defining Unicode char U+02DD (decimal 733)
   defining Unicode char U+0E3F (decimal 3647)
   defining Unicode char U+2016 (decimal 8214)
   defining Unicode char U+2020 (decimal 8224)
   defining Unicode char U+2021 (decimal 8225)
   defining Unicode char U+2022 (decimal 8226)
   defining Unicode char U+2030 (decimal 8240)
   defining Unicode char U+2031 (decimal 8241)
   defining Unicode char U+203B (decimal 8251)
   defining Unicode char U+203D (decimal 8253)
   defining Unicode char U+2044 (decimal 8260)
   defining Unicode char U+204E (decimal 8270)
   defining Unicode char U+2052 (decimal 8274)
   defining Unicode char U+20A1 (decimal 8353)
   defining Unicode char U+20A4 (decimal 8356)
   defining Unicode char U+20A6 (decimal 8358)
   defining Unicode char U+20A9 (decimal 8361)
   defining Unicode char U+20AB (decimal 8363)
   defining Unicode char U+20AC (decimal 8364)
   defining Unicode char U+20B1 (decimal 8369)
   defining Unicode char U+2103 (decimal 8451)
   defining Unicode char U+2116 (decimal 8470)
   defining Unicode char U+2117 (decimal 8471)
   defining Unicode char U+211E (decimal 8478)
   defining Unicode char U+2120 (decimal 8480)
   defining Unicode char U+2122 (decimal 8482)
   defining Unicode char U+2126 (decimal 8486)
   defining Unicode char U+2127 (decimal 8487)
   defining Unicode char U+212E (decimal 8494)
   defining Unicode char U+2190 (decimal 8592)
   defining Unicode char U+2191 (decimal 8593)
   defining Unicode char U+2192 (decimal 8594)
   defining Unicode char U+2193 (decimal 8595)
   defining Unicode char U+2329 (decimal 9001)
   defining Unicode char U+232A (decimal 9002)
   defining Unicode char U+2422 (decimal 9250)
   defining Unicode char U+25E6 (decimal 9702)
   defining Unicode char U+25EF (decimal 9711)
   defining Unicode char U+266A (decimal 9834)
))
LaTeX Info: Redefining \oldstylenums on input line 266.
Package textcomp Info: Setting cmr sub-encoding to TS1/0 on input line 281.
Package textcomp Info: Setting cmss sub-encoding to TS1/0 on input line 282.
Package textcomp Info: Setting cmtt sub-encoding to TS1/0 on input line 283.
Package textcomp Info: Setting cmvtt sub-encoding to TS1/0 on input line 284.
Package textcomp Info: Setting cmbr sub-encoding to TS1/0 on input line 285.
Package textcomp Info: Setting cmtl sub-encoding to TS1/0 on input line 286.
Package textcomp Info: Setting ccr sub-encoding to TS1/0 on input line 287.
Package textcomp Info: Setting ptm sub-encoding to TS1/4 on input line 288.
Package textcomp Info: Setting pcr sub-encoding to TS1/4 on input line 289.
Package textcomp Info: Setting phv sub-encoding to TS1/4 on input line 290.
Package textcomp Info: Setting ppl sub-encoding to TS1/3 on input line 291.
Package textcomp Info: Setting pag sub-encoding to TS1/4 on input line 292.
Package textcomp Info: Setting pbk sub-encoding to TS1/4 on input line 293.
Package textcomp Info: Setting pnc sub-encoding to TS1/4 on input line 294.
Package textcomp Info: Setting pzc sub-encoding to TS1/4 on input line 295.
Package textcomp Info: Setting bch sub-encoding to TS1/4 on input line 296.
Package textcomp Info: Setting put sub-encoding to TS1/5 on input line 297.
Package textcomp Info: Setting uag sub-encoding to TS1/5 on input line 298.
Package textcomp Info: Setting ugq sub-encoding to TS1/5 on input line 299.
Package textcomp Info: Setting ul8 sub-encoding to TS1/4 on input line 300.
Package textcomp Info: Setting ul9 sub-encoding to TS1/4 on input line 301.
Package textcomp Info: Setting augie sub-encoding to TS1/5 on input line 302.
Package textcomp Info: Setting dayrom sub-encoding to TS1/3 on input line 303.
Package textcomp Info: Setting dayroms sub-encoding to TS1/3 on input line 304.

Package textcomp Info: Setting pxr sub-encoding to TS1/0 on input line 305.
Package textcomp Info: Setting pxss sub-encoding to TS1/0 on input line 306.
Package textcomp Info: Setting pxtt sub-encoding to TS1/0 on input line 307.
Package textcomp Info: Setting txr sub-encoding to TS1/0 on input line 308.
Package textcomp Info: Setting txss sub-encoding to TS1/0 on input line 309.
Package textcomp Info: Setting txtt sub-encoding to TS1/0 on input line 310.
Package textcomp Info: Setting futs sub-encoding to TS1/4 on input line 311.
Package textcomp Info: Setting futx sub-encoding to TS1/4 on input line 312.
Package textcomp Info: Setting futj sub-encoding to TS1/4 on input line 313.
Package textcomp Info: Setting hlh sub-encoding to TS1/3 on input line 314.
Package textcomp Info: Setting hls sub-encoding to TS1/3 on input line 315.
Package textcomp Info: Setting hlst sub-encoding to TS1/3 on input line 316.
Package textcomp Info: Setting hlct sub-encoding to TS1/5 on input line 317.
Package textcomp Info: Setting hlx sub-encoding to TS1/5 on input line 318.
Package textcomp Info: Setting hlce sub-encoding to TS1/5 on input line 319.
Package textcomp Info: Setting hlcn sub-encoding to TS1/5 on input line 320.
Package textcomp Info: Setting hlcw sub-encoding to TS1/5 on input line 321.
Package textcomp Info: Setting hlcf sub-encoding to TS1/5 on input line 322.
Package textcomp Info: Setting pplx sub-encoding to TS1/3 on input line 323.
Package textcomp Info: Setting pplj sub-encoding to TS1/3 on input line 324.
Package textcomp Info: Setting ptmx sub-encoding to TS1/4 on input line 325.
Package textcomp Info: Setting ptmj sub-encoding to TS1/4 on input line 326.
)
(/usr/share/texmf-texlive/tex/latex/base/makeidx.sty
Package: makeidx 2000/03/29 v1.0m Standard LaTeX package
)
(/usr/share/texmf-texlive/tex/latex/graphics/graphicx.sty
Package: graphicx 1999/02/16 v1.0f Enhanced LaTeX Graphics (DPC,SPQR)

(/usr/share/texmf-texlive/tex/latex/graphics/graphics.sty
Package: graphics 2009/02/05 v1.0o Standard LaTeX Graphics (DPC,SPQR)

(/usr/share/texmf-texlive/tex/latex/graphics/trig.sty
Package: trig 1999/03/16 v1.09 sin cos tan (DPC)
)
(/etc/texmf/tex/latex/config/graphics.cfg
File: graphics.cfg 2009/08/28 v1.8 graphics configuration of TeX Live
)
Package graphics Info: Driver file: pdftex.def on input line 91.

(/usr/share/texmf-texlive/tex/latex/pdftex-def/pdftex.def
File: pdftex.def 2010/03/12 v0.04p Graphics/color for pdfTeX
\Gread@gobject=\count88
))
\Gin@req@height=\dimen103
\Gin@req@width=\dimen104
)
(/usr/share/texmf-texlive/tex/latex/tools/multicol.sty
Package: multicol 2008/12/05 v1.6h multicolumn formatting (FMi)
\c@tracingmulticols=\count89
\mult@box=\box26
\multicol@leftmargin=\dimen105
\c@unbalance=\count90
\c@collectmore=\count91
\doublecol@number=\count92
\multicoltolerance=\count93
\multicolpretolerance=\count94
\full@width=\dimen106
\page@free=\dimen107
\premulticols=\dimen108
\postmulticols=\dimen109
\multicolsep=\skip43
\multicolbaselineskip=\skip44
\partial@page=\box27
\last@line=\box28
\mult@rightbox=\box29
\mult@grightbox=\box30
\mult@gfirstbox=\box31
\mult@firstbox=\box32
\@tempa=\box33
\@tempa=\box34
\@tempa=\box35
\@tempa=\box36
\@tempa=\box37
\@tempa=\box38
\@tempa=\box39
\@tempa=\box40
\@tempa=\box41
\@tempa=\box42
\@tempa=\box43
\@tempa=\box44
\@tempa=\box45
\@tempa=\box46
\@tempa=\box47
\@tempa=\box48
\@tempa=\box49
\c@columnbadness=\count95
\c@finalcolumnbadness=\count96
\last@try=\dimen110
\multicolovershoot=\dimen111
\multicolundershoot=\dimen112
\mult@nat@firstbox=\box50
\colbreak@box=\box51
) (./footmisc.sty
Package: footmisc 2005/03/17 v5.3d a miscellany of footnote facilities
\FN@temptoken=\toks17
\footnotemargin=\dimen113


LaTeX Warning: Command \@makecol  has changed.
               Check if current package is valid.

\c@pp@next@reset=\count97
Package footmisc Info: Declaring symbol style bringhurst on input line 817.
Package footmisc Info: Declaring symbol style chicago on input line 818.
Package footmisc Info: Declaring symbol style wiley on input line 819.
Package footmisc Info: Declaring symbol style lamport-robust on input line 823.

Package footmisc Info: Declaring symbol style lamport* on input line 831.
Package footmisc Info: Declaring symbol style lamport*-robust on input line 840
.
) (/usr/share/texmf-texlive/tex/latex/tools/verbatim.sty
Package: verbatim 2003/08/22 v1.5q LaTeX2e package for verbatim enhancements
\every@verbatim=\toks18
\verbatim@line=\toks19
\verbatim@in@stream=\read1
)
(/var/lib/texmf/tex/generic/babel/babel.sty
Package: babel 2008/07/06 v3.8l The Babel package

(/usr/share/texmf-texlive/tex/generic/babel/english.ldf
Language: english 2005/03/30 v3.3o English support from the babel system

(/usr/share/texmf-texlive/tex/generic/babel/babel.def
File: babel.def 2008/07/06 v3.8l Babel common definitions
\babel@savecnt=\count98
\U@D=\dimen114
)
\l@canadian = a dialect from \language\l@american 
\l@australian = a dialect from \language\l@british 
\l@newzealand = a dialect from \language\l@british 
)) (./csquotes.sty
Package: csquotes 2011/10/22 v5.1d context-sensitive quotations

(./etoolbox.sty
Package: etoolbox 2011/01/03 v2.1 e-TeX tools for LaTeX
 (/usr/share/texmf-texlive/tex/latex/etex-pkg/etex.sty
Package: etex 1998/03/26 v2.0 eTeX basic definition package (PEB)
\et@xins=\count99
)
\etb@tempcnta=\count100
)
\csq@reset=\count101
\csq@gtype=\count102
\csq@glevel=\count103
\csq@qlevel=\count104
\csq@maxlvl=\count105
\csq@tshold=\count106
\csq@ltx@everypar=\toks20

(./csquotes.def
File: csquotes.def 2011/10/22 v5.1d csquotes generic definitions
)
Package csquotes Info: Trying to load configuration file 'csquotes.cfg'...
Package csquotes Info: ... configuration file loaded successfully.
 (/usr/share/texmf-texlive/tex/latex/csquotes/csquotes.cfg
File: csquotes.cfg 2009/05/30 v4.4 csquotes configuration
))
(/usr/share/texmf-texlive/tex/latex/amsmath/amsmath.sty
Package: amsmath 2000/07/18 v2.13 AMS math features
\@mathmargin=\skip45

For additional information on amsmath, use the `?' option.
(/usr/share/texmf-texlive/tex/latex/amsmath/amstext.sty
Package: amstext 2000/06/29 v2.01

(/usr/share/texmf-texlive/tex/latex/amsmath/amsgen.sty
File: amsgen.sty 1999/11/30 v2.0
\@emptytoks=\toks21
\ex@=\dimen115
))
(/usr/share/texmf-texlive/tex/latex/amsmath/amsbsy.sty
Package: amsbsy 1999/11/29 v1.2d
\pmbraise@=\dimen116
)
(/usr/share/texmf-texlive/tex/latex/amsmath/amsopn.sty
Package: amsopn 1999/12/14 v2.01 operator names
)
\inf@bad=\count107
LaTeX Info: Redefining \frac on input line 211.
\uproot@=\count108
\leftroot@=\count109
LaTeX Info: Redefining \overline on input line 307.
\classnum@=\count110
\DOTSCASE@=\count111
LaTeX Info: Redefining \ldots on input line 379.
LaTeX Info: Redefining \dots on input line 382.
LaTeX Info: Redefining \cdots on input line 467.
\Mathstrutbox@=\box52
\strutbox@=\box53
\big@size=\dimen117
LaTeX Font Info:    Redeclaring font encoding OML on input line 567.
LaTeX Font Info:    Redeclaring font encoding OMS on input line 568.
\macc@depth=\count112
\c@MaxMatrixCols=\count113
\dotsspace@=\muskip10
\c@parentequation=\count114
\dspbrk@lvl=\count115
\tag@help=\toks22
\row@=\count116
\column@=\count117
\maxfields@=\count118
\andhelp@=\toks23
\eqnshift@=\dimen118
\alignsep@=\dimen119
\tagshift@=\dimen120
\tagwidth@=\dimen121
\totwidth@=\dimen122
\lineht@=\dimen123
\@envbody=\toks24
\multlinegap=\skip46
\multlinetaggap=\skip47
\mathdisplay@stack=\toks25
LaTeX Info: Redefining \[ on input line 2666.
LaTeX Info: Redefining \] on input line 2667.
)
(/usr/share/texmf-texlive/tex/latex/amscls/amsthm.sty
Package: amsthm 2004/08/06 v2.20
\thm@style=\toks26
\thm@bodyfont=\toks27
\thm@headfont=\toks28
\thm@notefont=\toks29
\thm@headpunct=\toks30
\thm@preskip=\skip48
\thm@postskip=\skip49
\thm@headsep=\skip50
\dth@everypar=\toks31
)
(/usr/share/texmf-texlive/tex/latex/amsfonts/amssymb.sty
Package: amssymb 2009/06/22 v3.00

(/usr/share/texmf-texlive/tex/latex/amsfonts/amsfonts.sty
Package: amsfonts 2009/06/22 v3.00 Basic AMSFonts support
\symAMSa=\mathgroup6
\symAMSb=\mathgroup7
LaTeX Font Info:    Overwriting math alphabet `\mathfrak' in version `bold'
(Font)                  U/euf/m/n --> U/euf/b/n on input line 96.
))
(/usr/share/texmf-texlive/tex/latex/tools/enumerate.sty
Package: enumerate 1999/03/05 v3.00 enumerate extensions (DPC)
\@enLab=\toks32
) (./algorithm2e.sty
Package: algorithm2e 2008/00/00 v3.10 algorithms environments
\c@AlgoLine=\count119

(/usr/share/texmf-texlive/tex/latex/base/ifthen.sty
Package: ifthen 2001/05/26 v1.1c Standard LaTeX ifthen package (DPC)
)
(/usr/share/texmf-texlive/tex/latex/tools/xspace.sty
Package: xspace 2006/05/08 v1.12 Space after command names (DPC,MH)
)
(/usr/share/texmf-texlive/tex/latex/ltxmisc/relsize.sty
Package: relsize 2003/07/04 ver 3.1
)
********************************************************
Package `algorithm2e' Release 4.01 -- december 14 2009 --
- algorithm2e-announce@lirmm.fr mailing list for announcement about releases
- algorithm2e-discussion@lirmm.fr mailing list for discussion about package
subscribe by emailing sympa@lirmm.fr with 'subscribe <list> <firstname name>'
- Author: Christophe Fiorio (fiorio@lirmm.fr)
********************************************************
\skiptotal=\skip51
\skiplinenumber=\skip52
\skiprule=\skip53
\skiphlne=\skip54
\skiptext=\skip55
\skiplength=\skip56
\algomargin=\skip57
\skipalgocfslide=\skip58
\algowidth=\dimen124
\inoutsize=\dimen125
\inoutline=\dimen126
\interspacetitleruled=\dimen127
\interspacealgoruled=\dimen128
\interspacetitleboxruled=\dimen129
\algocf@inoutbox=\box54
\algocf@inputbox=\box55
\AlCapSkip=\skip59
\AlCapHSkip=\skip60
\algocf@nlbox=\box56
\algocf@hangingbox=\box57
\algocf@capbox=\box58
\algoheightruledefault=\skip61
\algoheightrule=\skip62
\algotitleheightruledefault=\skip63
\algotitleheightrule=\skip64
\c@algocfline=\count120
\c@algocfproc=\count121
\c@algocf=\count122
\algocf@algoframe=\box59
\algocf@algobox=\box60
) (./pdfcomment.sty
Package: pdfcomment 2012/09/28 pdfcomment.sty v2.3a - Josef Kleber (C) 2008-201
2
 (/usr/share/texmf-texlive/tex/latex/xkeyval/xkeyval.sty
Package: xkeyval 2008/08/13 v2.6a package option processing (HA)

(/usr/share/texmf-texlive/tex/generic/xkeyval/xkeyval.tex
\XKV@toks=\toks33
\XKV@tempa@toks=\toks34
\XKV@depth=\count123
File: xkeyval.tex 2008/08/13 v2.6a key=value parser (HA)
))
\c@pc@count@i=\count124
\c@pc@count@ii=\count125
\c@pc@count@iii=\count126
\c@pc@count@iv=\count127
\pc@mathannot@box=\box61
\pc@dima=\skip65
\pc@dimb=\skip66
\pc@Sposx=\skip67
\pc@Sposy=\skip68
\pc@Eposx=\skip69
\pc@Eposy=\skip70
\pc@column=\skip71
\pc@box@width=\skip72
\pc@box@height=\skip73
\pc@box@depth=\skip74

(/usr/share/texmf-texlive/tex/latex/oberdiek/zref-savepos.sty
Package: zref-savepos 2009/08/07 v2.4 Module savepos for zref (HO)

(/usr/share/texmf-texlive/tex/latex/oberdiek/zref-base.sty
Package: zref-base 2009/08/07 v2.4 Module base for zref (HO)

(/usr/share/texmf-texlive/tex/generic/oberdiek/etexcmds.sty
Package: etexcmds 2007/12/12 v1.2 Prefix for e-TeX command names (HO)

(/usr/share/texmf-texlive/tex/generic/oberdiek/infwarerr.sty
Package: infwarerr 2007/09/09 v1.2 Providing info/warning/message (HO)
)
Package etexcmds Info: Could not find \expanded.
(etexcmds)             That can mean that you are not using pdfTeX 1.50 or
(etexcmds)             that some package has redefined \expanded.
(etexcmds)             In the latter case, load this package earlier.
)
(/usr/share/texmf-texlive/tex/latex/oberdiek/auxhook.sty
Package: auxhook 2007/04/06 v1.1 Hooks for auxiliary files (HO)
)
Package zref Info: New property list: main on input line 419.
Package zref Info: New property: default on input line 420.
Package zref Info: New property: page on input line 421.
)
(/usr/share/texmf-texlive/tex/generic/oberdiek/ifpdf.sty
Package: ifpdf 2009/04/10 v2.0 Provides the ifpdf switch (HO)
Package ifpdf Info: pdfTeX in pdf mode detected.
)
Package zref Info: New property list: savepos on input line 65.
Package zref Info: New property: posx on input line 66.
Package zref Info: New property: posy on input line 67.
)
\c@zref@unique=\count128

(/usr/share/texmf-texlive/tex/latex/oberdiek/refcount.sty
Package: refcount 2008/08/11 v3.1 Data extraction from references (HO)
)
(/usr/share/texmf-texlive/tex/latex/tools/calc.sty
Package: calc 2007/08/22 v4.3 Infix arithmetic (KKT,FJ)
\calc@Acount=\count129
\calc@Bcount=\count130
\calc@Adimen=\dimen130
\calc@Bdimen=\dimen131
\calc@Askip=\skip75
\calc@Bskip=\skip76
LaTeX Info: Redefining \setlength on input line 76.
LaTeX Info: Redefining \addtolength on input line 77.
\calc@Ccount=\count131
\calc@Cskip=\skip77
) (./marginnote.sty
Package: marginnote 2010/01/05 v1.1f non floating margin notes for LaTeX
\c@mn@abspage=\count132
)
(./datetime.sty
Package: datetime 2010/09/21 v2.58 Date Time Package
 (./fmtcount.sty
Package: fmtcount 2004/10/22 v1.0
\@DT@modctr=\count133
\@ordinalctr=\count134
\@orgargctr=\count135
\strctr=\count136
\c@padzeroesN=\count137
\@DT@loopN=\count138
\@DT@X=\count139
)
\@day=\count140
\@month=\count141
\@year=\count142
\c@HOUR=\count143
\c@HOURXII=\count144
\c@MINUTE=\count145
\c@TOHOUR=\count146
\c@TOMINUTE=\count147
\c@SECOND=\count148
\currenthour=\count149
\currentminute=\count150
\currentsecond=\count151
Package datetime Info: No datetime.cfg file found, using default settings on in
put line 292.
\@dtctr=\count152
\dayofyear=\count153
\dayofweek=\count154
LaTeX Info: Redefining \today on input line 724.

(/usr/share/texmf-texlive/tex/latex/datetime/dt-british.def
File: dt-british.def 2007/06/15
)
\dt@a=\toks35
\dt@b=\toks36
) (./soulpos.sty
Package: soulpos 2012/02/25 v1.0 Fancy underlining
\ulp@subcnt=\count155
\ulp@cnt=\count156
\ulp@out=\write3
\ulp@in=\read2
\ulwidth=\dimen132
)
(/usr/share/texmf-texlive/tex/latex/hyperref/hyperref.sty
Package: hyperref 2009/10/09 v6.79a Hypertext links for LaTeX

(/usr/share/texmf-texlive/tex/generic/oberdiek/ifvtex.sty
Package: ifvtex 2008/11/04 v1.4 Switches for detecting VTeX and its modes (HO)
Package ifvtex Info: VTeX not detected.
)
(/usr/share/texmf-texlive/tex/generic/ifxetex/ifxetex.sty
Package: ifxetex 2009/01/23 v0.5 Provides ifxetex conditional
)
(/usr/share/texmf-texlive/tex/latex/oberdiek/hycolor.sty
Package: hycolor 2009/10/02 v1.5 Code for color options of hyperref/bookmark (H
O)

(/usr/share/texmf-texlive/tex/latex/oberdiek/xcolor-patch.sty
Package: xcolor-patch 2009/10/02 xcolor patch
))
\@linkdim=\dimen133
\Hy@linkcounter=\count157
\Hy@pagecounter=\count158

(/usr/share/texmf-texlive/tex/latex/hyperref/pd1enc.def
File: pd1enc.def 2009/10/09 v6.79a Hyperref: PDFDocEncoding definition (HO)
Now handling font encoding PD1 ...
... no UTF-8 mapping file for font encoding PD1
)
(/usr/share/texmf-texlive/tex/latex/latexconfig/hyperref.cfg
File: hyperref.cfg 2002/06/06 v1.2 hyperref configuration of TeXLive
)
(/usr/share/texmf-texlive/tex/latex/oberdiek/kvoptions.sty
Package: kvoptions 2009/08/13 v3.4 Keyval support for LaTeX options (HO)

(/usr/share/texmf-texlive/tex/generic/oberdiek/kvsetkeys.sty
Package: kvsetkeys 2009/07/30 v1.5 Key value parser with default handler suppor
t (HO)
))
Package hyperref Info: Hyper figures OFF on input line 2975.
Package hyperref Info: Link nesting OFF on input line 2980.
Package hyperref Info: Hyper index ON on input line 2983.
Package hyperref Info: Plain pages OFF on input line 2990.
Package hyperref Info: Backreferencing OFF on input line 2995.

Implicit mode ON; LaTeX internals redefined
Package hyperref Info: Bookmarks ON on input line 3191.
(/usr/share/texmf-texlive/tex/latex/ltxmisc/url.sty
\Urlmuskip=\muskip11
Package: url 2006/04/12  ver 3.3  Verb mode for urls, etc.
)
LaTeX Info: Redefining \url on input line 3428.

(/usr/share/texmf-texlive/tex/generic/oberdiek/bitset.sty
Package: bitset 2007/09/28 v1.0 Data type bit set (HO)

(/usr/share/texmf-texlive/tex/generic/oberdiek/intcalc.sty
Package: intcalc 2007/09/27 v1.1 Expandable integer calculations (HO)
)
(/usr/share/texmf-texlive/tex/generic/oberdiek/bigintcalc.sty
Package: bigintcalc 2007/11/11 v1.1 Expandable big integer calculations (HO)

(/usr/share/texmf-texlive/tex/generic/oberdiek/pdftexcmds.sty
Package: pdftexcmds 2009/09/23 v0.6 LuaTeX support for pdfTeX utility functions
 (HO)

(/usr/share/texmf-texlive/tex/generic/oberdiek/ifluatex.sty
Package: ifluatex 2009/04/17 v1.2 Provides the ifluatex switch (HO)
Package ifluatex Info: LuaTeX not detected.
)
(/usr/share/texmf-texlive/tex/generic/oberdiek/ltxcmds.sty
Package: ltxcmds 2009/08/05 v1.0 Some LaTeX kernel commands for general use (HO
)
)
Package pdftexcmds Info: LuaTeX not detected.
Package pdftexcmds Info: \pdf@primitive is available.
Package pdftexcmds Info: \pdf@ifprimitive is available.
)))
\Fld@menulength=\count159
\Field@Width=\dimen134
\Fld@charsize=\dimen135
\Field@toks=\toks37
Package hyperref Info: Hyper figures OFF on input line 4377.
Package hyperref Info: Link nesting OFF on input line 4382.
Package hyperref Info: Hyper index ON on input line 4385.
Package hyperref Info: backreferencing OFF on input line 4392.
Package hyperref Info: Link coloring OFF on input line 4397.
Package hyperref Info: Link coloring with OCG OFF on input line 4402.
Package hyperref Info: PDF/A mode OFF on input line 4407.

(/usr/share/texmf-texlive/tex/generic/oberdiek/atbegshi.sty
Package: atbegshi 2008/07/31 v1.9 At begin shipout hook (HO)
)
\Hy@abspage=\count160
\c@Item=\count161
\c@Hfootnote=\count162
)
*hyperref using driver hpdftex*
(/usr/share/texmf-texlive/tex/latex/hyperref/hpdftex.def
File: hpdftex.def 2009/10/09 v6.79a Hyperref driver for pdfTeX
\Fld@listcount=\count163
)
Package zref Info: New property list: pdfcomment on input line 2714.
Package zref Info: New property: PCPDFOBJID on input line 2715.
)
Package csquotes Info: Checking for multilingual support...
Package csquotes Info: ... found 'babel' package.
Package csquotes Info: Adjusting default style.
Package csquotes Info: Redefining alias 'default' -> 'british'.
 (./MTdoc.aux)
\openout1 = `MTdoc.aux'.

LaTeX Font Info:    Checking defaults for OML/cmm/m/it on input line 35.
LaTeX Font Info:    ... okay on input line 35.
LaTeX Font Info:    Checking defaults for T1/cmr/m/n on input line 35.
LaTeX Font Info:    ... okay on input line 35.
LaTeX Font Info:    Checking defaults for OT1/cmr/m/n on input line 35.
LaTeX Font Info:    ... okay on input line 35.
LaTeX Font Info:    Checking defaults for OMS/cmsy/m/n on input line 35.
LaTeX Font Info:    ... okay on input line 35.
LaTeX Font Info:    Checking defaults for OMX/cmex/m/n on input line 35.
LaTeX Font Info:    ... okay on input line 35.
LaTeX Font Info:    Checking defaults for U/cmr/m/n on input line 35.
LaTeX Font Info:    ... okay on input line 35.
LaTeX Font Info:    Checking defaults for TS1/cmr/m/n on input line 35.
LaTeX Font Info:    Try loading font information for TS1+cmr on input line 35.

(/usr/share/texmf-texlive/tex/latex/base/ts1cmr.fd
File: ts1cmr.fd 1999/05/25 v2.5h Standard LaTeX font definitions
)
LaTeX Font Info:    ... okay on input line 35.
LaTeX Font Info:    Checking defaults for PD1/pdf/m/n on input line 35.
LaTeX Font Info:    ... okay on input line 35.
LaTeX Font Info:    Try loading font information for OT1+ptm on input line 35.

(/usr/share/texmf-texlive/tex/latex/psnfss/ot1ptm.fd
File: ot1ptm.fd 2001/06/04 font definitions for OT1/ptm.
)
(/usr/share/texmf-texlive/tex/context/base/supp-pdf.mkii
[Loading MPS to PDF converter (version 2006.09.02).]
\scratchcounter=\count164
\scratchdimen=\dimen136
\scratchbox=\box62
\nofMPsegments=\count165
\nofMParguments=\count166
\everyMPshowfont=\toks38
\MPscratchCnt=\count167
\MPscratchDim=\dimen137
\MPnumerator=\count168
\everyMPtoPDFconversion=\toks39
)
Package marginnote Info: \pdfoutput not 0 and \pdflastxpos available.
(marginnote)             Extended position detection mode activated.
Package soulpos Info: Loading soulutf8 on input line 35.
 (/usr/share/texmf-texlive/tex/generic/oberdiek/soulutf8.sty
Package: soulutf8 2007/09/09 v1.0 Adding support for UTF-8 to soul (HO)

(/usr/share/texmf-texlive/tex/latex/soul/soul.sty
Package: soul 2003/11/17 v2.4 letterspacing/underlining (mf)
\SOUL@word=\toks40
\SOUL@lasttoken=\toks41
\SOUL@cmds=\toks42
\SOUL@buffer=\toks43
\SOUL@token=\toks44
\SOUL@spaceskip=\skip78
\SOUL@ttwidth=\dimen138
\SOUL@uldp=\dimen139
\SOUL@ulht=\dimen140
))
Package hyperref Info: Link coloring OFF on input line 35.

(/usr/share/texmf-texlive/tex/latex/hyperref/nameref.sty
Package: nameref 2007/05/29 v2.31 Cross-referencing by name of section
\c@section@level=\count169
)
LaTeX Info: Redefining \ref on input line 35.
LaTeX Info: Redefining \pageref on input line 35.
 (./MTdoc.out)
(./MTdoc.out)
\@outlinefile=\write4
\openout4 = `MTdoc.out'.

\AtBeginShipoutBox=\box63

! Missing $ inserted.
<inserted text> 
                $
l.38 \begin{left}
                 
I've inserted a begin-math/end-math symbol since I think
you left one out. Proceed, with fingers crossed.

LaTeX Font Info:    Try loading font information for OT1+ztmcm on input line 38
.
(/usr/share/texmf-texlive/tex/latex/psnfss/ot1ztmcm.fd
File: ot1ztmcm.fd 2000/01/03 Fontinst v1.801 font definitions for OT1/ztmcm.
)
LaTeX Font Info:    Try loading font information for OML+ztmcm on input line 38
.

(/usr/share/texmf-texlive/tex/latex/psnfss/omlztmcm.fd
File: omlztmcm.fd 2000/01/03 Fontinst v1.801 font definitions for OML/ztmcm.
)
LaTeX Font Info:    Try loading font information for OMS+ztmcm on input line 38
.

(/usr/share/texmf-texlive/tex/latex/psnfss/omsztmcm.fd
File: omsztmcm.fd 2000/01/03 Fontinst v1.801 font definitions for OMS/ztmcm.
)
LaTeX Font Info:    Try loading font information for OMX+ztmcm on input line 38
.

(/usr/share/texmf-texlive/tex/latex/psnfss/omxztmcm.fd
File: omxztmcm.fd 2000/01/03 Fontinst v1.801 font definitions for OMX/ztmcm.
)
LaTeX Font Info:    Font shape `OT1/ptm/bx/n' in size <10.95> not available
(Font)              Font shape `OT1/ptm/b/n' tried instead on input line 38.
LaTeX Font Info:    Font shape `OT1/ptm/bx/n' in size <8> not available
(Font)              Font shape `OT1/ptm/b/n' tried instead on input line 38.
LaTeX Font Info:    Font shape `OT1/ptm/bx/n' in size <6> not available
(Font)              Font shape `OT1/ptm/b/n' tried instead on input line 38.

! Missing delimiter (. inserted).
<to be read again> 
                   \let 
l.39 \includegraphics
                     [width=0.30\textwidth]{./figures/MasterLogo.jpg}~\\[1cm]
I was expecting to see something like `(' or `\{' or
`\}' here. If you typed, e.g., `{' instead of `\{', you
should probably delete the `{' by typing `1' now, so that
braces don't get unbalanced. Otherwise just proceed.
Acceptable delimiters are characters whose \delcode is
nonnegative, or you can use `\delimiter <delimiter code>'.

<./figures/MasterLogo.jpg, id=367, 240.9pt x 78.694pt>
File: ./figures/MasterLogo.jpg Graphic file (type jpg)

<use ./figures/MasterLogo.jpg>
! Missing \right. inserted.
<inserted text> 
                \right .
l.40 \end{left}
               
I've inserted something that you may have forgotten.
(See the <inserted text> above.)
With luck, this will get me unwedged. But if you
really didn't forget anything, try typing `2' now; then
my insertion and my current dilemma will both disappear.

! Missing $ inserted.
<inserted text> 
                $
l.40 \end{left}
               
I've inserted something that you may have forgotten.
(See the <inserted text> above.)
With luck, this will get me unwedged. But if you
really didn't forget anything, try typing `2' now; then
my insertion and my current dilemma will both disappear.

! Undefined control sequence.
l.43 \HRule
            \\[0.4cm]
The control sequence at the end of the top line
of your error message was never \def'ed. If you have
misspelled it (e.g., `\hobx'), type `I' and the correct
spelling (e.g., `I\hbox'). Otherwise just continue,
and I'll forget about whatever was undefined.


! LaTeX Error: There's no line here to end.

See the LaTeX manual or LaTeX Companion for explanation.
Type  H <return>  for immediate help.
 ...                                              
                                                  
l.43 \HRule \\
              [0.4cm]
Your command was ignored.
Type  I <command> <return>  to replace it with another command,
or  <return>  to continue without it.

LaTeX Font Info:    Font shape `OT1/ptm/bx/n' in size <20.74> not available
(Font)              Font shape `OT1/ptm/b/n' tried instead on input line 46.

! LaTeX Error: There's no line here to end.

See the LaTeX manual or LaTeX Companion for explanation.
Type  H <return>  for immediate help.
 ...                                              
                                                  
l.50 \\
       [2.0cm]
Your command was ignored.
Type  I <command> <return>  to replace it with another command,
or  <return>  to continue without it.


! LaTeX Error: Environment flushcenter undefined.

See the LaTeX manual or LaTeX Companion for explanation.
Type  H <return>  for immediate help.
 ...                                              
                                                  
l.53 \begin{flushcenter}
                         \large
Your command was ignored.
Type  I <command> <return>  to replace it with another command,
or  <return>  to continue without it.


! LaTeX Error: \begin{minipage} on input line 52 ended by \end{flushcenter}.

See the LaTeX manual or LaTeX Companion for explanation.
Type  H <return>  for immediate help.
 ...                                              
                                                  
l.56 \end{flushcenter}
                      
Your command was ignored.
Type  I <command> <return>  to replace it with another command,
or  <return>  to continue without it.


! LaTeX Error: There's no line here to end.

See the LaTeX manual or LaTeX Companion for explanation.
Type  H <return>  for immediate help.
 ...                                              
                                                  
l.60 \\
       [5.0cm]
Your command was ignored.
Type  I <command> <return>  to replace it with another command,
or  <return>  to continue without it.

[1

\openout3 = `MTdoc.upa'.

{/var/lib/texmf/fonts/map/pdftex/updmap/pdftex.map} <./figures/MasterLogo.jpg>]
 [1]
LaTeX Font Info:    Font shape `OT1/ptm/bx/n' in size <24.88> not available
(Font)              Font shape `OT1/ptm/b/n' tried instead on input line 100.
 (./MTdoc.tocpdfTeX warning (ext4): destination with the same identifier (name{
page.i}) has been already used, duplicate ignored
<to be read again> 
                   \relax 
l.34 ... {paragraph}{Space Scale}{44}{section*.12}
                                                   [1

] [2])
\tf@toc=\write5
\openout5 = `MTdoc.toc'.

 [3]
Chapter 1.
LaTeX Font Info:    Font shape `OT1/ptm/bx/n' in size <14.4> not available
(Font)              Font shape `OT1/ptm/b/n' tried instead on input line 106.
pdfTeX warning (ext4): destination with the same identifier (name{page.1}) has 
been already used, duplicate ignored
<to be read again> 
                   \relax 
l.123 
       [1

]
Underfull \hbox (badness 10000) in paragraph at lines 129--137

 []

[2] [3] [4]
Chapter 2.
LaTeX Font Info:    Font shape `OT1/ptm/bx/n' in size <9> not available
(Font)              Font shape `OT1/ptm/b/n' tried instead on input line 283.
LaTeX Font Info:    Font shape `OT1/ptm/bx/n' in size <7> not available
(Font)              Font shape `OT1/ptm/b/n' tried instead on input line 283.
LaTeX Font Info:    Font shape `OT1/ptm/bx/n' in size <5> not available
(Font)              Font shape `OT1/ptm/b/n' tried instead on input line 283.
[5

] [6] [7] [8] <figures/Gilbert_pg21.jpg, id=551, 691.08188pt x 587.94656pt>
File: figures/Gilbert_pg21.jpg Graphic file (type jpg)

<use figures/Gilbert_pg21.jpg>
<figures/statisticalModelling1.jpg, id=554, 995.72pt x 565.11125pt>
File: figures/statisticalModelling1.jpg Graphic file (type jpg)

<use figures/statisticalModelling1.jpg>

LaTeX Warning: `h' float specifier changed to `ht'.

[9 <./figures/Gilbert_pg21.jpg>]
<figures/simulationModelling1.jpg, id=565, 985.6825pt x 554.07pt>
File: figures/simulationModelling1.jpg Graphic file (type jpg)

<use figures/simulationModelling1.jpg>

LaTeX Warning: `h' float specifier changed to `ht'.

LaTeX Font Info:    Font shape `OT1/ptm/bx/n' in size <12> not available
(Font)              Font shape `OT1/ptm/b/n' tried instead on input line 420.
[10 <./figures/statisticalModelling1.jpg>] [11 <./figures/simulationModelling1.
jpg>] <figures/column1.png, id=585, 416.55624pt x 249.93375pt>
File: figures/column1.png Graphic file (type png)

<use figures/column1.png>
<figures/column2.png, id=587, 414.54875pt x 249.93375pt>
File: figures/column2.png Graphic file (type png)

<use figures/column2.png>
Overfull \hbox (5.43304pt too wide) in paragraph at lines 432--439
 [][] 
 []

[12 <./figures/column1.png> <./figures/column2.png>]
Underfull \hbox (badness 10000) in paragraph at lines 459--465

 []

<figures/eqf.png, id=605, 257.52104pt x 333.26253pt>
File: figures/eqf.png Graphic file (type png)
 <use figures/eqf.png>
[13] [14 <./figures/eqf.png>] [15]
<figures/pragmaticReduct.png, id=635, 614.295pt x 794.97pt>
File: figures/pragmaticReduct.png Graphic file (type png)

<use figures/pragmaticReduct.png> [16]
<figures/simulationMethodlogy.jpg, id=641, 798.985pt x 580.1675pt>
File: figures/simulationMethodlogy.jpg Graphic file (type jpg)

<use figures/simulationMethodlogy.jpg>

LaTeX Warning: `h' float specifier changed to `ht'.

[17]
Underfull \hbox (badness 10000) in paragraph at lines 653--658

 []

<figures/agentArchitect0.jpg, id=651, 446.66875pt x 376.40625pt>
File: figures/agentArchitect0.jpg Graphic file (type jpg)

<use figures/agentArchitect0.jpg>

LaTeX Warning: `h' float specifier changed to `ht'.

[18] [19]
Underfull \hbox (badness 10000) in paragraph at lines 779--786

 []

[20]
Overfull \hbox (0.25093pt too wide) in paragraph at lines 820--834
[]\OT1/ptm/m/n/10.95 Cooperation, co-ordin-a-tion, ne-go-ti-ation, com-pet-i-ti
on, and mind
 []


Overfull \hbox (9.86526pt too wide) in paragraph at lines 841--844
[]\OT1/ptm/m/n/10.95 Coordination is man-aging the in-ter-de-pend-en-cies betwe
en activ-
 []

[21] <figures/SimpleReflexArchitect0.jpg, id=698, 518.93875pt x 400.49625pt>
File: figures/SimpleReflexArchitect0.jpg Graphic file (type jpg)

<use figures/SimpleReflexArchitect0.jpg>

LaTeX Warning: `h' float specifier changed to `ht'.


Underfull \hbox (badness 10000) in paragraph at lines 894--896

 []

LaTeX Font Info:    Try loading font information for TS1+ptm on input line 914.

(/usr/share/texmf-texlive/tex/latex/psnfss/ts1ptm.fd
File: ts1ptm.fd 2001/06/04 font definitions for TS1/ptm.
)
<figures/agentArchitect1.png, id=699, 556.0775pt x 376.40625pt>
File: figures/agentArchitect1.png Graphic file (type png)

<use figures/agentArchitect1.png>

LaTeX Warning: `h' float specifier changed to `ht'.

[22]
LaTeX Font Info:    Try loading font information for OMS+ptm on input line 961.

 (/usr/share/texmf-texlive/tex/latex/psnfss/omsptm.fd
File: omsptm.fd 
)
LaTeX Font Info:    Font shape `OMS/ptm/m/n' in size <10.95> not available
(Font)              Font shape `OMS/cmsy/m/n' tried instead on input line 961.

Overfull \hbox (51.46509pt too wide) in paragraph at lines 965--978
$[]$ 
 []

[23]
Overfull \hbox (9.13106pt too wide) in paragraph at lines 984--990
[]\OT1/ptm/m/n/10.95 BDI stands for Belief-Desire-Intention. Yoav Sho-ham in-tr
o-duced \agent-
 []


Overfull \hbox (9.69104pt too wide) in paragraph at lines 984--990
\OT1/ptm/m/n/10.95 oriented pro-gram-ming" in 1990 [[]]:\new pro-gram-ming para
digm, based
 []


Overfull \hbox (25.12897pt too wide) in paragraph at lines 1011--1013
[]\OT1/ptm/m/n/10.95 entityAtPlace(MYSELF,$\OML/ztmcm/m/it/10.95 p$\OT1/ptm/m/n
/10.95 ) $\OMS/ztmcm/m/n/10.95 ^$ $\U/msa/m/n/10.95 ^^C[]$ \OT1/ptm/m/n/10.95 d
o-Ac-tion(HUNT) $\OMS/ztmcm/m/n/10.95 ^$ \OT1/ptm/m/n/10.95 entityAtPlace($\OML
/ztmcm/m/it/10.95 x$\OT1/ptm/m/n/10.95 ,$\OML/ztmcm/m/it/10.95 y$\OT1/ptm/m/n/1
0.95 )
 []


Overfull \hbox (25.3706pt too wide) in paragraph at lines 1011--1013
\OMS/ztmcm/m/n/10.95 ^$ \OT1/ptm/m/n/10.95 edible($\OML/ztmcm/m/it/10.95 x$\OT1
/ptm/m/n/10.95 ) $\OMS/ztmcm/m/n/10.95 ^$ \OT1/ptm/m/n/10.95 distance($\OML/ztm
cm/m/it/10.95 p$\OT1/ptm/m/n/10.95 ,$\OML/ztmcm/m/it/10.95 y$\OT1/ptm/m/n/10.95
 ) $\OMS/ztmcm/m/n/10.95 ^^T$ \OT1/ptm/m/n/10.95 HUNT-DIS-TANCE $\OMS/ztmcm/m/n
/10.95 !$ \OT1/ptm/m/n/10.95 doAction(HUNT,$\OML/ztmcm/m/it/10.95 x$\OT1/ptm/m/
n/10.95 ) 
 []

[24]
Overfull \hbox (51.46509pt too wide) in paragraph at lines 1034--1050
$[]$ 
 []

[25] <figures/utilityAgent.jpg, id=725, 740.7675pt x 448.67625pt>
File: figures/utilityAgent.jpg Graphic file (type jpg)

<use figures/utilityAgent.jpg> [26]
LaTeX Font Info:    Font shape `OT1/ptm/bx/it' in size <10.95> not available
(Font)              Font shape `OT1/ptm/b/it' tried instead on input line 1131.



LaTeX Warning: Citation `rationalchoicetheo' on page 27 undefined on input line
 1132.

[27]
Overfull \hbox (4.57623pt too wide) in paragraph at lines 1174--1180
[]\OT1/ptm/m/n/10.95 In an epis-odic en-vir-on-ment, the per-form-ance of an ag
ent
 []


Overfull \hbox (117.67656pt too wide) in paragraph at lines 1191--1208
 [][] 
 []


Underfull \hbox (badness 10000) in paragraph at lines 1240--1254

 []

[28]
Underfull \hbox (badness 10000) in paragraph at lines 1255--1259

 []


Underfull \hbox (badness 10000) in paragraph at lines 1263--1274

 []

<figures/percolation_1.jpg, id=751, 333.20947pt x 330.65125pt>
File: figures/percolation_1.jpg Graphic file (type jpg)

<use figures/percolation_1.jpg>

LaTeX Warning: `!h' float specifier changed to `!ht'.


Underfull \hbox (badness 10000) in paragraph at lines 1284--1286

 []

[29] <figures/dictyo_2.jpg, id=759, 1466.47874pt x 1467.4825pt>
File: figures/dictyo_2.jpg Graphic file (type jpg)

<use figures/dictyo_2.jpg>

LaTeX Warning: `h' float specifier changed to `ht'.


Underfull \hbox (badness 10000) in paragraph at lines 1341--1350

 []

[30]
Underfull \hbox (badness 10000) in paragraph at lines 1351--1357

 []


Overfull \hbox (2.56265pt too wide) in paragraph at lines 1361--1362
[]\OT1/ptm/m/n/10.95 Under memory phe-nom-ena, path-dependence, and hys-ter-esi
s, non-markovian
 []


Underfull \hbox (badness 10000) in paragraph at lines 1393--1408

 []

[31] [32]

Package hyperref Warning: Difference (2) between bookmark levels is greater 
(hyperref)                than one, level fixed on input line 1444.


Overfull \hbox (2.25444pt too wide) in paragraph at lines 1444--1445
\OT1/ptm/m/it/10.95 evol-u-tion-ary pro-gress of part of the eco-sys-tem will g
en-er-ally in-duce co-evolutionary
 []


Underfull \hbox (badness 10000) in paragraph at lines 1446--1458

 []

[33]
Underfull \hbox (badness 2418) in paragraph at lines 1477--1478
[]\OT1/ptm/m/n/10.95 Information is en-coded in DNA strands,
 []


Underfull \hbox (badness 3601) in paragraph at lines 1483--1484
[]\OT1/ptm/m/n/10.95 Behaviour and know-how con-di-tions the
 []


Underfull \hbox (badness 10000) in paragraph at lines 1483--1484
\OT1/ptm/m/n/10.95 re-sponse and ad-apt-ab-il-ity to en-vir-on-
 []


Underfull \hbox (badness 7081) in paragraph at lines 1483--1484
\OT1/ptm/m/n/10.95 ment(physical world and other en-tit-ies)
 []


Underfull \hbox (badness 1199) in paragraph at lines 1483--1484
\OT1/ptm/m/n/10.95 chal-lenges. How well the in-di-vidual re-
 []


Underfull \hbox (badness 2027) in paragraph at lines 1491--1492
[]\OT1/ptm/m/n/10.95 Cultural trans-fer-ence can hap-pen through
 []


Overfull \hbox (62.33856pt too wide) in paragraph at lines 1471--1506
 [][] 
 []

[34] [35] <figures/skillProfiles.png, id=802, 575.93631pt x 584.27515pt>
File: figures/skillProfiles.png Graphic file (type png)

<use figures/skillProfiles.png>

LaTeX Warning: `h' float specifier changed to `ht'.

[36] [37 <./figures/pragmaticReduct.png>] [38 <./figures/simulationMethodlogy.j
pg> <./figures/agentArchitect0.jpg>] [39 <./figures/SimpleReflexArchitect0.jpg>
 <./figures/agentArchitect1.png (PNG copy)> <./figures/utilityAgent.jpg>]
[40 <./figures/percolation_1.jpg> <./figures/dictyo_2.jpg>] [41 <./figures/skil
lProfiles.png>]
Chapter 3.
[42

] <figures/jamt1.jpg, id=844, 844.65562pt x 597.6729pt>
File: figures/jamt1.jpg Graphic file (type jpg)

<use figures/jamt1.jpg> [43 <./figures/jamt1.jpg>]

Package hyperref Warning: Difference (2) between bookmark levels is greater 
(hyperref)                than one, level fixed on input line 1705.

[44] [45] <figures/jamt2.jpg, id=863, 1667.9916pt x 1075.08852pt>
File: figures/jamt2.jpg Graphic file (type jpg)

<use figures/jamt2.jpg> [46 <./figures/jamt2.jpg>]
Overfull \hbox (93.72452pt too wide) in paragraph at lines 1808--1817
 [][] 
 []

[47] <figures/sectors.png, id=884, 807.015pt x 587.796pt>
File: figures/sectors.png Graphic file (type png)

<use figures/sectors.png>

LaTeX Warning: `h' float specifier changed to `ht'.

<figures/caloReqForageHour.jpeg, id=885, 743.02594pt x 269.50688pt>
File: figures/caloReqForageHour.jpeg Graphic file (type jpg)

<use figures/caloReqForageHour.jpeg>

LaTeX Warning: `h' float specifier changed to `ht'.

[48] [49 <./figures/sectors.png>]
<figures/resGrow.png, id=906, 490.633pt x 390.258pt>
File: figures/resGrow.png Graphic file (type png)
 <use figures/resGrow.png>

LaTeX Warning: `h' float specifier changed to `ht'.

[50 <./figures/caloReqForageHour.jpeg>] [51 <./figures/resGrow.png>]
Overfull \hbox (21.35223pt too wide) in paragraph at lines 2047--2049
\OT1/ptm/m/n/10.95 (OFT)[[]], de-veloped within be-ha-vi-oral eco-logy and Ra-t
ional Choice Theory(RCT)[[]]
 []

[52] [53]
Overfull \hbox (0.40306pt too wide) in paragraph at lines 2118--2123
\OT1/ptm/m/n/10.95 Rainfall yearly pre-cip-it-a-tion is a stochastic value cal-
cu-lated from his-tor-ical data[[]]
 []

[54] [55] <figures/matchRainGamma2.png, id=963, 572.1375pt x 460.72125pt>
File: figures/matchRainGamma2.png Graphic file (type png)

<use figures/matchRainGamma2.png> [56 <./figures/matchRainGamma2.png>] [57]
[58] <figures/LRmaps2partMind.png, id=990, 832.77277pt x 580.93962pt>
File: figures/LRmaps2partMind.png Graphic file (type png)

<use figures/LRmaps2partMind.png>
Overfull \hbox (10.88582pt too wide) in paragraph at lines 2368--2369
 [][] 
 []


LaTeX Warning: `!h' float specifier changed to `!ht'.

[59] [60] [61 <./figures/LRmaps2partMind.png>]
<figures/decisionTree.png, id=1012, 545.91646pt x 756.61131pt>
File: figures/decisionTree.png Graphic file (type png)

<use figures/decisionTree.png> [62 <./figures/decisionTree.png>] [63]
<figures/mdp1.png, id=1033, 301.125pt x 240.9pt>
File: figures/mdp1.png Graphic file (type png)
 <use figures/mdp1.png>
<figures/uctTree.png, id=1034, 796.47563pt x 597.73312pt>
File: figures/uctTree.png Graphic file (type png)

<use figures/uctTree.png>
Overfull \hbox (67.79134pt too wide) in paragraph at lines 2447--2448
 [][] 
 []


LaTeX Warning: `!h' float specifier changed to `!ht'.

[64 <./figures/mdp1.png (PNG copy)>]
<figures/LRmaps1.png, id=1042, 806.08846pt x 532.57431pt>
File: figures/LRmaps1.png Graphic file (type png)

<use figures/LRmaps1.png>

LaTeX Warning: `!h' float specifier changed to `!ht'.


LaTeX Warning: Reference `sec:AgentPlanning' on page 65 undefined on input line
 2506.

[65 <./figures/uctTree.png>]
! Misplaced \noalign.
\hline ->\noalign 
                  {\ifnum 0=`}\fi \hrule \@height \arrayrulewidth \futurelet...
l.2529 		\hline
               
I expect to see \noalign only after the \cr of
an alignment. Proceed, and I'll ignore this case.

! You can't use `\hrule' here except with leaders.
\hline ->\noalign {\ifnum 0=`}\fi \hrule 
                                         \@height \arrayrulewidth \futurelet...
l.2529 		\hline
               
To put a horizontal rule in an hbox or an alignment,
you should use \leaders or \hrulefill (see The TeXbook).

! Missing number, treated as zero.
<to be read again> 
                   \futurelet 
l.2529 		\hline
               
A number should have been here; I inserted `0'.
(If you can't figure out why I needed to see a number,
look up `weird error' in the index to The TeXbook.)

! Illegal unit of measure (pt inserted).
<to be read again> 
                   \futurelet 
l.2529 		\hline
               
Dimensions can be in units of em, ex, in, pt, pc,
cm, mm, dd, cc, nd, nc, bp, or sp; but yours is a new one!
I'll assume that you meant to say pt, for printer's points.
To recover gracefully from this error, it's best to
delete the erroneous units; e.g., type `2' to delete
two letters. (See Chapter 27 of The TeXbook.)

! Misplaced \noalign.
\hline ->\noalign 
                  {\ifnum 0=`}\fi \hrule \@height \arrayrulewidth \futurelet...
l.2543 		\hline
               
I expect to see \noalign only after the \cr of
an alignment. Proceed, and I'll ignore this case.

! You can't use `\hrule' here except with leaders.
\hline ->\noalign {\ifnum 0=`}\fi \hrule 
                                         \@height \arrayrulewidth \futurelet...
l.2543 		\hline
               
To put a horizontal rule in an hbox or an alignment,
you should use \leaders or \hrulefill (see The TeXbook).

! Missing number, treated as zero.
<to be read again> 
                   \futurelet 
l.2543 		\hline
               
A number should have been here; I inserted `0'.
(If you can't figure out why I needed to see a number,
look up `weird error' in the index to The TeXbook.)

! Illegal unit of measure (pt inserted).
<to be read again> 
                   \futurelet 
l.2543 		\hline
               
Dimensions can be in units of em, ex, in, pt, pc,
cm, mm, dd, cc, nd, nc, bp, or sp; but yours is a new one!
I'll assume that you meant to say pt, for printer's points.
To recover gracefully from this error, it's best to
delete the erroneous units; e.g., type `2' to delete
two letters. (See Chapter 27 of The TeXbook.)

[66 <./figures/LRmaps1.png>] [67]
Chapter 4.
<figures/jamtFigure4B&W.jpg, id=1061, 496.46349pt x 241.70569pt>
File: figures/jamtFigure4B&W.jpg Graphic file (type jpg)

<use figures/jamtFigure4B&W.jpg>
<figures/jamtFigure5.jpg, id=1062, 368.11775pt x 667.1077pt>
File: figures/jamtFigure5.jpg Graphic file (type jpg)

<use figures/jamtFigure5.jpg>

LaTeX Warning: `!h' float specifier changed to `!ht'.

[68

 <./figures/jamtFigure4B&W.jpg>] [69 <./figures/jamtFigure5.jpg>]
<figures/expermInfoShar.png, id=1077, 528.12692pt x 742.71323pt>
File: figures/expermInfoShar.png Graphic file (type png)

<use figures/expermInfoShar.png> [70 <./figures/expermInfoShar.png>]
Chapter 5.
[71

]

Package hyperref Warning: Difference (2) between bookmark levels is greater 
(hyperref)                than one, level fixed on input line 2696.

[72]
Overfull \hbox (1.01714pt too wide) in paragraph at lines 2718--2719
[]\OT1/ptm/m/n/10.95 A sub-mis-sion is wait-ing to be re-viewd for ``Journal of
 Ar-chae-olo-gical Method
 []

[73]
Chapter 6.
[74

]
Chapter 7.

LaTeX Warning: Reference `fig:Pandora1.jpg' on page 75 undefined on input line 
2758.

[75

] <figures/Pandora1.jpg, id=1111, 456.20438pt x 462.22687pt>
File: figures/Pandora1.jpg Graphic file (type jpg)

<use figures/Pandora1.jpg>
<figures/Pandora2.jpg, id=1112, 297.11pt x 253.94875pt>
File: figures/Pandora2.jpg Graphic file (type jpg)

<use figures/Pandora2.jpg>

! LaTeX Error: There's no line here to end.

See the LaTeX manual or LaTeX Companion for explanation.
Type  H <return>  for immediate help.
 ...                                              
                                                  
l.2803 \item
            [RePast-HPC]
Your command was ignored.
Type  I <command> <return>  to replace it with another command,
or  <return>  to continue without it.


Underfull \hbox (badness 10000) in paragraph at lines 2804--2812

 []

[76 <./figures/Pandora1.jpg> <./figures/Pandora2.jpg>]
Underfull \hbox (badness 10000) in paragraph at lines 2813--2824

 []

[77]
Chapter 8.
[78

] [79

]
Overfull \hbox (11.93425pt too wide) in paragraph at lines 2931--2933
[]\OT1/ptm/m/n/10.95 Sugarscape. \OT1/ptm/m/it/10.95 http://ccl.northwestern.ed
u/netlogo/models/community/Sugarscape 
 []


Underfull \hbox (badness 10000) in paragraph at lines 2971--2974
[]\OT1/ptm/m/it/10.95 The Unity of Sci-ence\OT1/ptm/m/n/10.95 , Stan-ford En-cy
c-lo-pe-dia of Philo-sophy
 []

[80] [81]
Underfull \hbox (badness 7012) in paragraph at lines 3106--3111
[]\OT1/ptm/m/n/10.95 Tim Lewens \OT1/ptm/m/it/10.95 "Cul-tural Evol-u-tion", Th
e Stan-ford En-cyc-lo-pe-dia of
 []


Underfull \hbox (badness 2903) in paragraph at lines 3106--3111
\OT1/ptm/m/it/10.95 Philo-sophy\OT1/ptm/m/n/10.95 . (Spring 2013 Edi-tion), Ed-
ward N. Za-lta (ed.), URL =
 []


Underfull \hbox (badness 10000) in paragraph at lines 3106--3111
\OT1/ptm/m/n/10.95 <http://plato.stanford.edu/archives/spr2013/entries/evolutio
n-cultural/>.
 []

! Missing $ inserted.
<inserted text> 
                $
l.3131 	http://repast.sourceforge.net/repast_
                                             hpc.html
I've inserted a begin-math/end-math symbol since I think
you left one out. Proceed, with fingers crossed.

! Missing $ inserted.
<inserted text> 
                $
l.3133 
       
I've inserted a begin-math/end-math symbol since I think
you left one out. Proceed, with fingers crossed.

! Missing } inserted.
<inserted text> 
                }
l.3133 
       
I've inserted something that you may have forgotten.
(See the <inserted text> above.)
With luck, this will get me unwedged. But if you
really didn't forget anything, try typing `2' now; then
my insertion and my current dilemma will both disappear.


Underfull \hbox (badness 10000) in paragraph at lines 3130--3133
[]\OT1/ptm/m/it/10.95 Repast for High Per-form-ance Com-put-ing
 []

! Extra }, or forgotten \endgroup.
\par ...m \@noitemerr {\@@par }\fi \else {\@@par }
                                                  \fi 
l.3133 
       
I've deleted a group-closing symbol because it seems to be
spurious, as in `$x}$'. But perhaps the } is legitimate and
you forgot something else, as in `\hbox{$x}'. In such cases
the way to recover is to insert both the forgotten and the
deleted material, e.g., by typing `I$}'.

[82] (./MTdoc.aux * soulpos - computing points - it may take a few seconds *
\openout3 = `MTdoc.upb'.


(./MTdoc.upa))

LaTeX Warning: There were undefined references.

 ) 
Here is how much of TeX's memory you used:
 11590 strings out of 493848
 174308 string characters out of 1152823
 288563 words of memory out of 3000000
 14212 multiletter control sequences out of 15000+50000
 56205 words of font info for 114 fonts, out of 3000000 for 9000
 714 hyphenation exceptions out of 8191
 44i,13n,38p,2399b,558s stack positions out of 5000i,500n,10000p,200000b,50000s
{/usr/share/texmf-texlive/fonts/enc/dvips/base/8r.enc}</usr/share/texmf-texli
ve/fonts/type1/public/amsfonts/cm/cmex10.pfb></usr/share/texmf-texlive/fonts/ty
pe1/public/amsfonts/cm/cmmi10.pfb></usr/share/texmf-texlive/fonts/type1/public/
amsfonts/cm/cmr10.pfb></usr/share/texmf-texlive/fonts/type1/public/amsfonts/cm/
cmsy10.pfb></usr/share/texmf-texlive/fonts/type1/public/amsfonts/symbols/msam10
.pfb></usr/share/texmf-texlive/fonts/type1/public/amsfonts/symbols/msbm10.pfb><
/usr/share/texmf-texlive/fonts/type1/urw/symbol/usyr.pfb></usr/share/texmf-texl
ive/fonts/type1/urw/symbol/usyr.pfb></usr/share/texmf-texlive/fonts/type1/urw/t
imes/utmb8a.pfb></usr/share/texmf-texlive/fonts/type1/urw/times/utmbi8a.pfb></u
sr/share/texmf-texlive/fonts/type1/urw/times/utmr8a.pfb></usr/share/texmf-texli
ve/fonts/type1/urw/times/utmri8a.pfb>
Output written on MTdoc.pdf (87 pages, 16048163 bytes).
PDF statistics:
 1285 PDF objects out of 1440 (max. 8388607)
 366 named destinations out of 1000 (max. 500000)
 889 words of extra memory for PDF output out of 10000 (max. 10000000)

