\BOOKMARK [0][-]{chapter.1}{Introduction}{}
\BOOKMARK [1][-]{section.1.1}{Description}{chapter.1}
\BOOKMARK [1][-]{section.1.2}{Motivation}{chapter.1}
\BOOKMARK [1][-]{section.1.3}{Simulation}{chapter.1}
\BOOKMARK [1][-]{section.1.4}{Question}{chapter.1}
\BOOKMARK [0][-]{chapter.2}{Methodology}{}
\BOOKMARK [1][-]{section.2.1}{Intro}{chapter.2}
\BOOKMARK [1][-]{section.2.2}{Why model}{chapter.2}
\BOOKMARK [1][-]{section.2.3}{Modelling in social sciences}{chapter.2}
\BOOKMARK [2][-]{subsection.2.3.1}{ABMs in Social Modelling}{section.2.3}
\BOOKMARK [3][-]{section*.2}{Epistemology of ABMs in Social Modelling}{subsection.2.3.1}
\BOOKMARK [2][-]{subsection.2.3.2}{Summary checklist}{section.2.3}
\BOOKMARK [1][-]{section.2.4}{Conceptual Framework}{chapter.2}
\BOOKMARK [2][-]{subsection.2.4.1}{Multi Agent Systems}{section.2.4}
\BOOKMARK [3][-]{section*.3}{Agents}{subsection.2.4.1}
\BOOKMARK [4][-]{section*.4}{Agent brief formal description}{section*.3}
\BOOKMARK [4][-]{section*.5}{Agent Main Behaviours}{section*.3}
\BOOKMARK [4][-]{section*.6}{Intelligent Agents Architecture}{section*.3}
\BOOKMARK [4][-]{section*.7}{Environment Features}{section*.3}
\BOOKMARK [2][-]{subsection.2.4.2}{Complex Systems}{section.2.4}
\BOOKMARK [2][-]{subsection.2.4.3}{Emergence}{section.2.4}
\BOOKMARK [2][-]{subsection.2.4.4}{Evolution}{section.2.4}
\BOOKMARK [3][-]{section*.8}{Coevolution}{subsection.2.4.4}
\BOOKMARK [4][-]{section*.9}{Cultural Evolution}{section*.8}
\BOOKMARK [0][-]{chapter.3}{Gujarat}{}
\BOOKMARK [1][-]{section.3.1}{Introduction}{chapter.3}
\BOOKMARK [1][-]{section.3.2}{Target Description}{chapter.3}
\BOOKMARK [1][-]{section.3.3}{Purpose}{chapter.3}
\BOOKMARK [1][-]{section.3.4}{Entities, state variables, scales}{chapter.3}
\BOOKMARK [2][-]{subsection.3.4.1}{Scales}{section.3.4}
\BOOKMARK [3][-]{section*.10}{Agent Scale}{subsection.3.4.1}
\BOOKMARK [4][-]{section*.11}{Time Scale}{section*.10}
\BOOKMARK [4][-]{section*.12}{Space Scale}{section*.10}
\BOOKMARK [2][-]{subsection.3.4.2}{Environment}{section.3.4}
\BOOKMARK [3][-]{section*.13}{Climate}{subsection.3.4.2}
\BOOKMARK [3][-]{section*.14}{Resources}{subsection.3.4.2}
\BOOKMARK [4][-]{section*.15}{Distance to water}{section*.14}
\BOOKMARK [4][-]{section*.16}{Efficiency}{section*.14}
\BOOKMARK [4][-]{section*.17}{Domesticated cell}{section*.14}
\BOOKMARK [2][-]{subsection.3.4.3}{Agents}{section.3.4}
\BOOKMARK [1][-]{section.3.5}{Process overview and scheduling}{chapter.3}
\BOOKMARK [2][-]{subsection.3.5.1}{Precipitation calculation}{section.3.5}
\BOOKMARK [2][-]{subsection.3.5.2}{Biomass Yearly Production}{section.3.5}
\BOOKMARK [2][-]{subsection.3.5.3}{Daily processes}{section.3.5}
\BOOKMARK [3][-]{section*.18}{Biomass availability}{subsection.3.5.3}
\BOOKMARK [3][-]{section*.19}{Agent planning}{subsection.3.5.3}
\BOOKMARK [3][-]{section*.20}{Adjustment of agent population size}{subsection.3.5.3}
\BOOKMARK [1][-]{section.3.6}{Design concepts}{chapter.3}
\BOOKMARK [2][-]{subsection.3.6.1}{Basic principles}{section.3.6}
\BOOKMARK [2][-]{subsection.3.6.2}{Emergence}{section.3.6}
\BOOKMARK [2][-]{subsection.3.6.3}{Adaptation}{section.3.6}
\BOOKMARK [2][-]{subsection.3.6.4}{Objectives}{section.3.6}
\BOOKMARK [2][-]{subsection.3.6.5}{Learning}{section.3.6}
\BOOKMARK [2][-]{subsection.3.6.6}{Prediction}{section.3.6}
\BOOKMARK [2][-]{subsection.3.6.7}{Sensing \046 Information Retrieval from Environment}{section.3.6}
\BOOKMARK [2][-]{subsection.3.6.8}{Interaction}{section.3.6}
\BOOKMARK [2][-]{subsection.3.6.9}{Stochasticity}{section.3.6}
\BOOKMARK [2][-]{subsection.3.6.10}{Collectives}{section.3.6}
\BOOKMARK [2][-]{subsection.3.6.11}{Observation}{section.3.6}
\BOOKMARK [1][-]{section.3.7}{Initialization}{chapter.3}
\BOOKMARK [2][-]{subsection.3.7.1}{Climate}{section.3.7}
\BOOKMARK [2][-]{subsection.3.7.2}{Environment}{section.3.7}
\BOOKMARK [2][-]{subsection.3.7.3}{Resources}{section.3.7}
\BOOKMARK [2][-]{subsection.3.7.4}{Agents}{section.3.7}
\BOOKMARK [1][-]{section.3.8}{Input data}{chapter.3}
\BOOKMARK [2][-]{subsection.3.8.1}{Rainfall}{section.3.8}
\BOOKMARK [2][-]{subsection.3.8.2}{Ground Model}{section.3.8}
\BOOKMARK [2][-]{subsection.3.8.3}{Hunter-Gatherer behavior}{section.3.8}
\BOOKMARK [1][-]{section.3.9}{Submodels}{chapter.3}
\BOOKMARK [2][-]{subsection.3.9.1}{Agent execution cycle}{section.3.9}
\BOOKMARK [1][-]{section.3.10}{Knowledge}{chapter.3}
\BOOKMARK [2][-]{subsection.3.10.1}{Partial Information}{section.3.10}
\BOOKMARK [2][-]{subsection.3.10.2}{Information Sharing}{section.3.10}
\BOOKMARK [1][-]{section.3.11}{Decision Making}{chapter.3}
\BOOKMARK [2][-]{subsection.3.11.1}{Rule Based Agent}{section.3.11}
\BOOKMARK [2][-]{subsection.3.11.2}{Planning}{section.3.11}
\BOOKMARK [3][-]{section*.21}{UCT}{subsection.3.11.2}
\BOOKMARK [1][-]{section.3.12}{Efficiency}{chapter.3}
\BOOKMARK [2][-]{subsection.3.12.1}{Low Ressolution map}{section.3.12}
\BOOKMARK [2][-]{subsection.3.12.2}{UCT efficiency improvement}{section.3.12}
\BOOKMARK [2][-]{subsection.3.12.3}{Throughput measures}{section.3.12}
\BOOKMARK [0][-]{chapter.4}{Experiments}{}
\BOOKMARK [1][-]{section.4.1}{Stable state and ressilience}{chapter.4}
\BOOKMARK [1][-]{section.4.2}{Information Sharing}{chapter.4}
\BOOKMARK [0][-]{chapter.5}{Conclussions and Future}{}
\BOOKMARK [1][-]{subsection.5.0.1}{Future Work}{chapter.5}
\BOOKMARK [0][-]{chapter.6}{Acknowledgement}{}
\BOOKMARK [0][-]{chapter.7}{Annex 1 : Platforms}{}
\BOOKMARK [1][-]{section.7.1}{Pandora}{chapter.7}
\BOOKMARK [1][-]{section.7.2}{Other platforms}{chapter.7}
\BOOKMARK [0][-]{chapter.8}{Bibliography}{}
