\BOOKMARK [0][-]{chapter.1}{Introduction}{}
\BOOKMARK [1][-]{section.1.1}{Description}{chapter.1}
\BOOKMARK [1][-]{section.1.2}{Motivation}{chapter.1}
\BOOKMARK [1][-]{section.1.3}{Simulation}{chapter.1}
\BOOKMARK [1][-]{section.1.4}{Question}{chapter.1}
\BOOKMARK [0][-]{chapter.2}{Methodology}{}
\BOOKMARK [1][-]{section.2.1}{Intro}{chapter.2}
\BOOKMARK [1][-]{section.2.2}{Why model}{chapter.2}
\BOOKMARK [1][-]{section.2.3}{Modelling in social sciences}{chapter.2}
\BOOKMARK [1][-]{section.2.4}{Conceptual Framework}{chapter.2}
\BOOKMARK [2][-]{subsection.2.4.1}{Multi Agent Systems}{section.2.4}
\BOOKMARK [3][-]{section*.2}{Agents}{subsection.2.4.1}
\BOOKMARK [4][-]{section*.3}{Agent formal description}{section*.2}
\BOOKMARK [4][-]{section*.4}{Agent Main Behaviours}{section*.2}
\BOOKMARK [4][-]{section*.5}{Intelligent Agents Architecture}{section*.2}
\BOOKMARK [2][-]{subsection.2.4.2}{Complex Systems}{section.2.4}
\BOOKMARK [2][-]{subsection.2.4.3}{Emergence}{section.2.4}
\BOOKMARK [2][-]{subsection.2.4.4}{Evolution}{section.2.4}
\BOOKMARK [2][-]{subsection.2.4.5}{Coevolution}{section.2.4}
\BOOKMARK [1][-]{section.2.5}{ABM}{chapter.2}
\BOOKMARK [2][-]{subsection.2.5.1}{Benefits of ABM}{section.2.5}
\BOOKMARK [2][-]{subsection.2.5.2}{ABM issues}{section.2.5}
\BOOKMARK [0][-]{chapter.3}{Platforms / Software packages}{}
\BOOKMARK [1][-]{section*.6}{NetLogo...}{chapter.3}
\BOOKMARK [2][-]{section*.7}{Pandora/Cassandra}{section*.6}
\BOOKMARK [0][-]{chapter.4}{SugarScape vs Advanced Sugarscape}{}
\BOOKMARK [1][-]{subsection.4.0.3}{Planners, ...}{chapter.4}
\BOOKMARK [1][-]{section.4.1}{What is SugarScape?}{chapter.4}
\BOOKMARK [1][-]{section.4.2}{Added advanced features}{chapter.4}
\BOOKMARK [2][-]{section*.8}{Same deduced trends and emerging dynamics}{section.4.2}
\BOOKMARK [3][-]{section*.9}{Realistic Adaptability to Parameter Perturbations}{section*.8}
\BOOKMARK [1][-]{section.4.3}{Solving critics against classic SugarScape}{chapter.4}
\BOOKMARK [1][-]{section.4.4}{Experiments}{chapter.4}
\BOOKMARK [2][-]{subsection.4.4.1}{Initial Conditions}{section.4.4}
\BOOKMARK [3][-]{section*.10}{Montecarlo?}{subsection.4.4.1}
\BOOKMARK [4][-]{section*.11}{Emergence of stationary state; initial state := stationary state}{section*.10}
\BOOKMARK [2][-]{subsection.4.4.2}{Experiment features}{section.4.4}
\BOOKMARK [3][-]{section*.12}{Description}{subsection.4.4.2}
\BOOKMARK [4][-]{section*.13}{Hypothesis}{section*.12}
\BOOKMARK [4][-]{section*.14}{Assumptions}{section*.12}
\BOOKMARK [4][-]{section*.15}{Config}{section*.12}
\BOOKMARK [4][-]{section*.16}{Results}{section*.12}
\BOOKMARK [4][-]{section*.17}{Validation}{section*.12}
\BOOKMARK [0][-]{chapter.5}{Gujarat Case Modelization}{}
\BOOKMARK [1][-]{section.5.1}{Introduction}{chapter.5}
\BOOKMARK [2][-]{subsection.5.1.1}{Hypotheses}{section.5.1}
\BOOKMARK [2][-]{subsection.5.1.2}{Aims and objectives}{section.5.1}
\BOOKMARK [2][-]{subsection.5.1.3}{Knowledge Elicitation \046 Brainstorming}{section.5.1}
\BOOKMARK [3][-]{section*.18}{Interviews}{subsection.5.1.3}
\BOOKMARK [3][-]{section*.19}{ECOTONO \(journal club\)}{subsection.5.1.3}
\BOOKMARK [3][-]{section*.20}{ODD}{subsection.5.1.3}
\BOOKMARK [1][-]{section.5.2}{Physical World / Environment}{chapter.5}
\BOOKMARK [2][-]{subsection.5.2.1}{Statistical Modelling}{section.5.2}
\BOOKMARK [3][-]{section*.21}{Data Sources}{subsection.5.2.1}
\BOOKMARK [3][-]{section*.22}{Resource Pipeline}{subsection.5.2.1}
\BOOKMARK [1][-]{section.5.3}{Antrophological Model}{chapter.5}
\BOOKMARK [2][-]{subsection.5.3.1}{The Model}{section.5.3}
\BOOKMARK [3][-]{section*.23}{Knowledge Represent}{subsection.5.3.1}
\BOOKMARK [3][-]{section*.24}{Decission Process}{subsection.5.3.1}
\BOOKMARK [4][-]{section*.25}{Hypothesis:richer agents}{section*.24}
\BOOKMARK [4][-]{section*.26}{UPF hand to hand work:UCT algorithm}{section*.24}
\BOOKMARK [4][-]{section*.27}{Methods}{section*.24}
\BOOKMARK [4][-]{section*.28}{\303\221\302\277state of the art?}{section*.24}
\BOOKMARK [3][-]{section*.29}{Social Network}{subsection.5.3.1}
\BOOKMARK [4][-]{section*.30}{\303\221\302\277state of the art?}{section*.29}
\BOOKMARK [3][-]{section*.31}{Design}{subsection.5.3.1}
\BOOKMARK [4][-]{section*.32}{Organisational level design}{section*.31}
\BOOKMARK [4][-]{section*.33}{Social structure}{section*.31}
\BOOKMARK [4][-]{section*.34}{Interaction structure}{section*.31}
\BOOKMARK [4][-]{section*.35}{Communicative structure}{section*.31}
\BOOKMARK [4][-]{section*.36}{Normative structure}{section*.31}
\BOOKMARK [3][-]{section*.37}{Coordination level design}{subsection.5.3.1}
\BOOKMARK [4][-]{section*.38}{Action model}{section*.37}
\BOOKMARK [4][-]{section*.39}{Task model}{section*.37}
\BOOKMARK [4][-]{section*.40}{Agent model}{section*.37}
\BOOKMARK [4][-]{section*.41}{Plan model}{section*.37}
\BOOKMARK [1][-]{section.5.4}{Experiments}{chapter.5}
\BOOKMARK [2][-]{subsection.5.4.1}{Initial Conditions}{section.5.4}
\BOOKMARK [3][-]{section*.42}{Montecarlo?}{subsection.5.4.1}
\BOOKMARK [4][-]{section*.43}{Emergence of stationary state; initial state := stationary state}{section*.42}
\BOOKMARK [2][-]{subsection.5.4.2}{Experiment features}{section.5.4}
\BOOKMARK [3][-]{section*.44}{Description}{subsection.5.4.2}
\BOOKMARK [4][-]{section*.45}{Hypothesis}{section*.44}
\BOOKMARK [4][-]{section*.46}{Assumptions}{section*.44}
\BOOKMARK [4][-]{section*.47}{Config}{section*.44}
\BOOKMARK [4][-]{section*.48}{Results}{section*.44}
\BOOKMARK [4][-]{section*.49}{Validation}{section*.44}
\BOOKMARK [0][-]{chapter.6}{Conclusion}{}
\BOOKMARK [1][-]{section.6.1}{Achieved Objectives}{chapter.6}
\BOOKMARK [1][-]{section.6.2}{Achieved Objectives}{chapter.6}
\BOOKMARK [1][-]{section.6.3}{Comparison AI - Simple}{chapter.6}
\BOOKMARK [1][-]{section.6.4}{Difficulties \046 Issues}{chapter.6}
\BOOKMARK [1][-]{section.6.5}{Publications/CAA}{chapter.6}
\BOOKMARK [1][-]{section.6.6}{Future Issues}{chapter.6}
\BOOKMARK [0][-]{chapter.7}{Bibliography}{}
